Child process with pid: 452650 was killed by signal: 15, core dump: 0
Child process with pid: 132053 was killed by signal: 15, core dump: 0
2019-06-10 20:38:31.152813 [ERROR] [222781] wsgiHandler failed to create req_obj.
UnicodeDecodeError: 'utf-8' codec can't decode byte 0xa1 in position 87: invalid start byte

The above exception was the direct cause of the following exception:

SystemError: <class 'lsapi_wsgi.Request'> returned a result with an error set
Child process with pid: 653208 was killed by signal: 15, core dump: 0
Child process with pid: 843174 was killed by signal: 15, core dump: 0
Child process with pid: 864935 was killed by signal: 15, core dump: 0
2019-11-09 03:00:09.261782 [ERROR] [111529] wsgiAppHandler failed to create req_obj.
UnicodeDecodeError: 'utf-8' codec can't decode byte 0xa1 in position 87: invalid start byte

The above exception was the direct cause of the following exception:

SystemError: <class 'lsapi_wsgi.Request'> returned a result with an error set
2019-11-10 05:24:03.246317 [ERROR] [417723] wsgiAppHandler failed to create req_obj.
UnicodeDecodeError: 'utf-8' codec can't decode byte 0xa1 in position 87: invalid start byte

The above exception was the direct cause of the following exception:

SystemError: <class 'lsapi_wsgi.Request'> returned a result with an error set
2019-11-15 03:37:08.084542 [ERROR] [4020] wsgiAppHandler failed to create req_obj.
UnicodeDecodeError: 'utf-8' codec can't decode byte 0xa1 in position 87: invalid start byte

The above exception was the direct cause of the following exception:

SystemError: <class 'lsapi_wsgi.Request'> returned a result with an error set
2020-01-01 08:47:53.224288 [376647] Reached max children process limit: 6, extra: 2, current: 8, busy: 7, please increase LSAPI_CHILDREN.
2020-01-01 08:47:53.352614 [376647] Reached max children process limit: 6, extra: 2, current: 8, busy: 8, please increase LSAPI_CHILDREN.
2020-01-01 08:47:53.452941 [376647] Reached max children process limit: 6, extra: 2, current: 8, busy: 8, please increase LSAPI_CHILDREN.
2020-01-01 08:47:53.553249 [376647] Reached max children process limit: 6, extra: 2, current: 8, busy: 8, please increase LSAPI_CHILDREN.
2020-01-01 08:47:53.653614 [376647] Reached max children process limit: 6, extra: 2, current: 8, busy: 8, please increase LSAPI_CHILDREN.
2020-01-01 08:47:53.754000 [376647] Reached max children process limit: 6, extra: 2, current: 8, busy: 8, please increase LSAPI_CHILDREN.
2020-01-01 08:47:53.854309 [376647] Reached max children process limit: 6, extra: 2, current: 8, busy: 8, please increase LSAPI_CHILDREN.
2020-01-01 08:47:53.954639 [376647] Reached max children process limit: 6, extra: 2, current: 8, busy: 8, please increase LSAPI_CHILDREN.
2020-01-01 08:47:54.054891 [376647] Reached max children process limit: 6, extra: 2, current: 8, busy: 8, please increase LSAPI_CHILDREN.
2020-01-01 08:47:54.155187 [376647] Reached max children process limit: 6, extra: 2, current: 8, busy: 8, please increase LSAPI_CHILDREN.
2020-01-01 08:47:54.255620 [376647] Reached max children process limit: 6, extra: 2, current: 8, busy: 8, please increase LSAPI_CHILDREN.
2020-01-01 08:47:54.355935 [376647] Reached max children process limit: 6, extra: 2, current: 8, busy: 8, please increase LSAPI_CHILDREN.
2020-01-01 08:47:54.456249 [376647] Reached max children process limit: 6, extra: 2, current: 8, busy: 8, please increase LSAPI_CHILDREN.
2020-01-01 08:47:54.556509 [376647] Reached max children process limit: 6, extra: 2, current: 8, busy: 8, please increase LSAPI_CHILDREN.
2020-01-01 08:47:54.656777 [376647] Reached max children process limit: 6, extra: 2, current: 8, busy: 8, please increase LSAPI_CHILDREN.
2020-01-01 08:47:54.757030 [376647] Reached max children process limit: 6, extra: 2, current: 8, busy: 8, please increase LSAPI_CHILDREN.
2020-01-01 08:47:54.857368 [376647] Reached max children process limit: 6, extra: 2, current: 8, busy: 8, please increase LSAPI_CHILDREN.
2020-01-01 08:47:54.957767 [376647] Reached max children process limit: 6, extra: 2, current: 8, busy: 8, please increase LSAPI_CHILDREN.
2020-01-01 08:47:55.058100 [376647] Reached max children process limit: 6, extra: 2, current: 8, busy: 8, please increase LSAPI_CHILDREN.
2020-01-01 08:47:55.158321 [376647] Reached max children process limit: 6, extra: 2, current: 8, busy: 8, please increase LSAPI_CHILDREN.
2020-01-01 08:47:55.245445 [376647] Reached max children process limit: 6, extra: 2, current: 8, busy: 7, please increase LSAPI_CHILDREN.
2020-01-01 08:47:55.247404 [376647] Reached max children process limit: 6, extra: 2, current: 8, busy: 7, please increase LSAPI_CHILDREN.
2020-01-01 08:47:55.249132 [376647] Reached max children process limit: 6, extra: 2, current: 8, busy: 7, please increase LSAPI_CHILDREN.
2020-05-29 05:21:46.031243 [ERROR] [545226] wsgiAppHandler failed to create req_obj.
UnicodeDecodeError: 'utf-8' codec can't decode byte 0xc8 in position 0: invalid continuation byte

The above exception was the direct cause of the following exception:

SystemError: <class 'lsapi_wsgi.Request'> returned a result with an error set
2020-09-05 17:46:29.849060 [302894] packetLen < 0
2020-10-12 11:34:45.355985 [UID:1428][54414] Child process with pid: 67115 was killed by signal: 15, core dump: 0
2020-10-13 16:41:20.474647 [UID:1428][269817] Child process with pid: 294157 was killed by signal: 15, core dump: 0
2020-10-13 23:44:03.909359 [UID:1428][859148] Child process with pid: 876082 was killed by signal: 15, core dump: 0
2020-11-21 13:34:43.619662 [UID:1428][493863] Child process with pid: 498204 was killed by signal: 15, core dump: 0
2020-11-21 14:37:00.646678 [UID:1428][572111] Child process with pid: 574271 was killed by signal: 15, core dump: 0
2020-11-21 15:23:12.307556 [UID:1428][630237] Child process with pid: 641090 was killed by signal: 15, core dump: 0
2020-11-21 15:25:12.902748 [UID:1428][630237] Child process with pid: 645613 was killed by signal: 15, core dump: 0
2020-11-22 23:04:23.229594 [UID:1428][852853] Child process with pid: 864528 was killed by signal: 15, core dump: 0
2021-05-28 00:00:04.693185 [UID:1428][914959] Child process with pid: 914977 was killed by signal: 15, core dump: 0
/usr/local/lsws/fcgi-bin/lswsgi_wrapper: line 6: /home/rudhamla/virtualenv/nr/3.6/bin/set_env_vars.py: No such file or directory
/usr/local/lsws/fcgi-bin/lswsgi_wrapper: line 6: /home/rudhamla/virtualenv/nr/3.6/bin/set_env_vars.py: No such file or directory
/usr/local/lsws/fcgi-bin/lswsgi_wrapper: line 6: /home/rudhamla/virtualenv/nr/3.6/bin/set_env_vars.py: No such file or directory
/usr/local/lsws/fcgi-bin/lswsgi_wrapper: line 6: /home/rudhamla/virtualenv/nr/3.6/bin/set_env_vars.py: No such file or directory
/usr/local/lsws/fcgi-bin/lswsgi_wrapper: line 6: /home/rudhamla/virtualenv/nr/3.6/bin/set_env_vars.py: No such file or directory
/usr/local/lsws/fcgi-bin/lswsgi_wrapper: line 6: /home/rudhamla/virtualenv/nr/3.6/bin/set_env_vars.py: No such file or directory
/usr/local/lsws/fcgi-bin/lswsgi_wrapper: line 6: /home/rudhamla/virtualenv/nr/3.6/bin/set_env_vars.py: No such file or directory
/usr/local/lsws/fcgi-bin/lswsgi_wrapper: line 6: /home/rudhamla/virtualenv/nr/3.6/bin/set_env_vars.py: No such file or directory
/usr/local/lsws/fcgi-bin/lswsgi_wrapper: line 6: /home/rudhamla/virtualenv/nr/3.6/bin/set_env_vars.py: No such file or directory
/usr/local/lsws/fcgi-bin/lswsgi_wrapper: line 6: /home/rudhamla/virtualenv/nr/3.6/bin/set_env_vars.py: No such file or directory
/usr/local/lsws/fcgi-bin/lswsgi_wrapper: line 6: /home/rudhamla/virtualenv/nr/3.6/bin/set_env_vars.py: No such file or directory
/usr/local/lsws/fcgi-bin/lswsgi_wrapper: line 6: /home/rudhamla/virtualenv/nr/3.6/bin/set_env_vars.py: No such file or directory
/usr/local/lsws/fcgi-bin/lswsgi_wrapper: line 6: /home/rudhamla/virtualenv/nr/3.6/bin/set_env_vars.py: No such file or directory
/usr/local/lsws/fcgi-bin/lswsgi_wrapper: line 6: /home/rudhamla/virtualenv/nr/3.6/bin/set_env_vars.py: No such file or directory
/usr/local/lsws/fcgi-bin/lswsgi_wrapper: line 6: /home/rudhamla/virtualenv/nr/3.6/bin/set_env_vars.py: No such file or directory
/usr/local/lsws/fcgi-bin/lswsgi_wrapper: line 6: /home/rudhamla/virtualenv/nr/3.6/bin/set_env_vars.py: No such file or directory
/usr/local/lsws/fcgi-bin/lswsgi_wrapper: line 6: /home/rudhamla/virtualenv/nr/3.6/bin/set_env_vars.py: No such file or directory
/usr/local/lsws/fcgi-bin/lswsgi_wrapper: line 6: /home/rudhamla/virtualenv/nr/3.6/bin/set_env_vars.py: No such file or directory
/usr/local/lsws/fcgi-bin/lswsgi_wrapper: line 6: /home/rudhamla/virtualenv/nr/3.6/bin/set_env_vars.py: No such file or directory
/usr/local/lsws/fcgi-bin/lswsgi_wrapper: line 6: /home/rudhamla/virtualenv/nr/3.6/bin/set_env_vars.py: No such file or directory
/usr/local/lsws/fcgi-bin/lswsgi_wrapper: line 6: /home/rudhamla/virtualenv/nr/3.6/bin/set_env_vars.py: No such file or directory
/usr/local/lsws/fcgi-bin/lswsgi_wrapper: line 6: /home/rudhamla/virtualenv/nr/3.6/bin/set_env_vars.py: No such file or directory
/usr/local/lsws/fcgi-bin/lswsgi_wrapper: line 6: /home/rudhamla/virtualenv/nr/3.6/bin/set_env_vars.py: No such file or directory
/usr/local/lsws/fcgi-bin/lswsgi_wrapper: line 6: /home/rudhamla/virtualenv/nr/3.6/bin/set_env_vars.py: No such file or directory
/usr/local/lsws/fcgi-bin/lswsgi_wrapper: line 6: /home/rudhamla/virtualenv/nr/3.6/bin/set_env_vars.py: No such file or directory
/usr/local/lsws/fcgi-bin/lswsgi_wrapper: line 6: /home/rudhamla/virtualenv/nr/3.6/bin/set_env_vars.py: No such file or directory
/usr/local/lsws/fcgi-bin/lswsgi_wrapper: line 6: /home/rudhamla/virtualenv/nr/3.6/bin/set_env_vars.py: No such file or directory
/usr/local/lsws/fcgi-bin/lswsgi_wrapper: line 6: /home/rudhamla/virtualenv/nr/3.6/bin/set_env_vars.py: No such file or directory
/usr/local/lsws/fcgi-bin/lswsgi_wrapper: line 6: /home/rudhamla/virtualenv/nr/3.6/bin/set_env_vars.py: No such file or directory
/usr/local/lsws/fcgi-bin/lswsgi_wrapper: line 6: /home/rudhamla/virtualenv/nr/3.6/bin/set_env_vars.py: No such file or directory
/usr/local/lsws/fcgi-bin/lswsgi_wrapper: line 6: /home/rudhamla/virtualenv/nr/3.6/bin/set_env_vars.py: No such file or directory
/usr/local/lsws/fcgi-bin/lswsgi_wrapper: line 6: /home/rudhamla/virtualenv/nr/3.6/bin/set_env_vars.py: No such file or directory
/usr/local/lsws/fcgi-bin/lswsgi_wrapper: line 6: /home/rudhamla/virtualenv/nr/3.6/bin/set_env_vars.py: No such file or directory
/usr/local/lsws/fcgi-bin/lswsgi_wrapper: line 6: /home/rudhamla/virtualenv/nr/3.6/bin/set_env_vars.py: No such file or directory
/usr/local/lsws/fcgi-bin/lswsgi_wrapper: line 6: /home/rudhamla/virtualenv/nr/3.6/bin/set_env_vars.py: No such file or directory
/usr/local/lsws/fcgi-bin/lswsgi_wrapper: line 6: /home/rudhamla/virtualenv/nr/3.6/bin/set_env_vars.py: No such file or directory
/usr/local/lsws/fcgi-bin/lswsgi_wrapper: line 6: /home/rudhamla/virtualenv/nr/3.6/bin/set_env_vars.py: No such file or directory
/usr/local/lsws/fcgi-bin/lswsgi_wrapper: line 6: /home/rudhamla/virtualenv/nr/3.6/bin/set_env_vars.py: No such file or directory
/usr/local/lsws/fcgi-bin/lswsgi_wrapper: line 6: /home/rudhamla/virtualenv/nr/3.6/bin/set_env_vars.py: No such file or directory
/usr/local/lsws/fcgi-bin/lswsgi_wrapper: line 6: /home/rudhamla/virtualenv/nr/3.6/bin/set_env_vars.py: No such file or directory
/usr/local/lsws/fcgi-bin/lswsgi_wrapper: line 6: /home/rudhamla/virtualenv/nr/3.6/bin/set_env_vars.py: No such file or directory
/usr/local/lsws/fcgi-bin/lswsgi_wrapper: line 6: /home/rudhamla/virtualenv/nr/3.6/bin/set_env_vars.py: No such file or directory
/usr/local/lsws/fcgi-bin/lswsgi_wrapper: line 6: /home/rudhamla/virtualenv/nr/3.6/bin/set_env_vars.py: No such file or directory
/usr/local/lsws/fcgi-bin/lswsgi_wrapper: line 6: /home/rudhamla/virtualenv/nr/3.6/bin/set_env_vars.py: No such file or directory
/usr/local/lsws/fcgi-bin/lswsgi_wrapper: line 6: /home/rudhamla/virtualenv/nr/3.6/bin/set_env_vars.py: No such file or directory
/usr/local/lsws/fcgi-bin/lswsgi_wrapper: line 6: /home/rudhamla/virtualenv/nr/3.6/bin/set_env_vars.py: No such file or directory
/usr/local/lsws/fcgi-bin/lswsgi_wrapper: line 6: /home/rudhamla/virtualenv/nr/3.6/bin/set_env_vars.py: No such file or directory
/usr/local/lsws/fcgi-bin/lswsgi_wrapper: line 6: /home/rudhamla/virtualenv/nr/3.6/bin/set_env_vars.py: No such file or directory
/usr/local/lsws/fcgi-bin/lswsgi_wrapper: line 6: /home/rudhamla/virtualenv/nr/3.6/bin/set_env_vars.py: No such file or directory
/usr/local/lsws/fcgi-bin/lswsgi_wrapper: line 6: /home/rudhamla/virtualenv/nr/3.6/bin/set_env_vars.py: No such file or directory
/usr/local/lsws/fcgi-bin/lswsgi_wrapper: line 6: /home/rudhamla/virtualenv/nr/3.6/bin/set_env_vars.py: No such file or directory
/usr/local/lsws/fcgi-bin/lswsgi_wrapper: line 6: /home/rudhamla/virtualenv/nr/3.6/bin/set_env_vars.py: No such file or directory
/usr/local/lsws/fcgi-bin/lswsgi_wrapper: line 6: /home/rudhamla/virtualenv/nr/3.6/bin/set_env_vars.py: No such file or directory
/usr/local/lsws/fcgi-bin/lswsgi_wrapper: line 6: /home/rudhamla/virtualenv/nr/3.6/bin/set_env_vars.py: No such file or directory
/usr/local/lsws/fcgi-bin/lswsgi_wrapper: line 6: /home/rudhamla/virtualenv/nr/3.6/bin/set_env_vars.py: No such file or directory
/usr/local/lsws/fcgi-bin/lswsgi_wrapper: line 6: /home/rudhamla/virtualenv/nr/3.6/bin/set_env_vars.py: No such file or directory
/usr/local/lsws/fcgi-bin/lswsgi_wrapper: line 6: /home/rudhamla/virtualenv/nr/3.6/bin/set_env_vars.py: No such file or directory
/usr/local/lsws/fcgi-bin/lswsgi_wrapper: line 6: /home/rudhamla/virtualenv/nr/3.6/bin/set_env_vars.py: No such file or directory
/usr/local/lsws/fcgi-bin/lswsgi_wrapper: line 6: /home/rudhamla/virtualenv/nr/3.6/bin/set_env_vars.py: No such file or directory
/usr/local/lsws/fcgi-bin/lswsgi_wrapper: line 6: /home/rudhamla/virtualenv/nr/3.6/bin/set_env_vars.py: No such file or directory
/usr/local/lsws/fcgi-bin/lswsgi_wrapper: line 6: /home/rudhamla/virtualenv/nr/3.6/bin/set_env_vars.py: No such file or directory
/usr/local/lsws/fcgi-bin/lswsgi_wrapper: line 6: /home/rudhamla/virtualenv/nr/3.6/bin/set_env_vars.py: No such file or directory
/usr/local/lsws/fcgi-bin/lswsgi_wrapper: line 6: /home/rudhamla/virtualenv/nr/3.6/bin/set_env_vars.py: No such file or directory
/usr/local/lsws/fcgi-bin/lswsgi_wrapper: line 6: /home/rudhamla/virtualenv/nr/3.6/bin/set_env_vars.py: No such file or directory
/usr/local/lsws/fcgi-bin/lswsgi_wrapper: line 6: /home/rudhamla/virtualenv/nr/3.6/bin/set_env_vars.py: No such file or directory
/usr/local/lsws/fcgi-bin/lswsgi_wrapper: line 6: /home/rudhamla/virtualenv/nr/3.6/bin/set_env_vars.py: No such file or directory
/usr/local/lsws/fcgi-bin/lswsgi_wrapper: line 6: /home/rudhamla/virtualenv/nr/3.6/bin/set_env_vars.py: No such file or directory
/usr/local/lsws/fcgi-bin/lswsgi_wrapper: line 6: /home/rudhamla/virtualenv/nr/3.6/bin/set_env_vars.py: No such file or directory
/usr/local/lsws/fcgi-bin/lswsgi_wrapper: line 6: /home/rudhamla/virtualenv/nr/3.6/bin/set_env_vars.py: No such file or directory
/usr/local/lsws/fcgi-bin/lswsgi_wrapper: line 6: /home/rudhamla/virtualenv/nr/3.6/bin/set_env_vars.py: No such file or directory
/usr/local/lsws/fcgi-bin/lswsgi_wrapper: line 6: /home/rudhamla/virtualenv/nr/3.6/bin/set_env_vars.py: No such file or directory
/usr/local/lsws/fcgi-bin/lswsgi_wrapper: line 6: /home/rudhamla/virtualenv/nr/3.6/bin/set_env_vars.py: No such file or directory
/usr/local/lsws/fcgi-bin/lswsgi_wrapper: line 6: /home/rudhamla/virtualenv/nr/3.6/bin/set_env_vars.py: No such file or directory
/usr/local/lsws/fcgi-bin/lswsgi_wrapper: line 6: /home/rudhamla/virtualenv/nr/3.6/bin/set_env_vars.py: No such file or directory
/usr/local/lsws/fcgi-bin/lswsgi_wrapper: line 6: /home/rudhamla/virtualenv/nr/3.6/bin/set_env_vars.py: No such file or directory
/usr/local/lsws/fcgi-bin/lswsgi_wrapper: line 6: /home/rudhamla/virtualenv/nr/3.6/bin/set_env_vars.py: No such file or directory
/usr/local/lsws/fcgi-bin/lswsgi_wrapper: line 6: /home/rudhamla/virtualenv/nr/3.6/bin/set_env_vars.py: No such file or directory
/usr/local/lsws/fcgi-bin/lswsgi_wrapper: line 6: /home/rudhamla/virtualenv/nr/3.6/bin/set_env_vars.py: No such file or directory
/usr/local/lsws/fcgi-bin/lswsgi_wrapper: line 6: /home/rudhamla/virtualenv/nr/3.6/bin/set_env_vars.py: No such file or directory
/usr/local/lsws/fcgi-bin/lswsgi_wrapper: line 6: /home/rudhamla/virtualenv/nr/3.6/bin/set_env_vars.py: No such file or directory
/usr/local/lsws/fcgi-bin/lswsgi_wrapper: line 6: /home/rudhamla/virtualenv/nr/3.6/bin/set_env_vars.py: No such file or directory
/usr/local/lsws/fcgi-bin/lswsgi_wrapper: line 6: /home/rudhamla/virtualenv/nr/3.6/bin/set_env_vars.py: No such file or directory
/usr/local/lsws/fcgi-bin/lswsgi_wrapper: line 6: /home/rudhamla/virtualenv/nr/3.6/bin/set_env_vars.py: No such file or directory
/usr/local/lsws/fcgi-bin/lswsgi_wrapper: line 6: /home/rudhamla/virtualenv/nr/3.6/bin/set_env_vars.py: No such file or directory
/usr/local/lsws/fcgi-bin/lswsgi_wrapper: line 6: /home/rudhamla/virtualenv/nr/3.6/bin/set_env_vars.py: No such file or directory
/usr/local/lsws/fcgi-bin/lswsgi_wrapper: line 6: /home/rudhamla/virtualenv/nr/3.6/bin/set_env_vars.py: No such file or directory
/usr/local/lsws/fcgi-bin/lswsgi_wrapper: line 6: /home/rudhamla/virtualenv/nr/3.6/bin/set_env_vars.py: No such file or directory
/usr/local/lsws/fcgi-bin/lswsgi_wrapper: line 6: /home/rudhamla/virtualenv/nr/3.6/bin/set_env_vars.py: No such file or directory
/usr/local/lsws/fcgi-bin/lswsgi_wrapper: line 6: /home/rudhamla/virtualenv/nr/3.6/bin/set_env_vars.py: No such file or directory
/usr/local/lsws/fcgi-bin/lswsgi_wrapper: line 6: /home/rudhamla/virtualenv/nr/3.6/bin/set_env_vars.py: No such file or directory
/usr/local/lsws/fcgi-bin/lswsgi_wrapper: line 6: /home/rudhamla/virtualenv/nr/3.6/bin/set_env_vars.py: No such file or directory
/usr/local/lsws/fcgi-bin/lswsgi_wrapper: line 6: /home/rudhamla/virtualenv/nr/3.6/bin/set_env_vars.py: No such file or directory
/usr/local/lsws/fcgi-bin/lswsgi_wrapper: line 6: /home/rudhamla/virtualenv/nr/3.6/bin/set_env_vars.py: No such file or directory
/usr/local/lsws/fcgi-bin/lswsgi_wrapper: line 6: /home/rudhamla/virtualenv/nr/3.6/bin/set_env_vars.py: No such file or directory
/usr/local/lsws/fcgi-bin/lswsgi_wrapper: line 6: /home/rudhamla/virtualenv/nr/3.6/bin/set_env_vars.py: No such file or directory
/usr/local/lsws/fcgi-bin/lswsgi_wrapper: line 6: /home/rudhamla/virtualenv/nr/3.6/bin/set_env_vars.py: No such file or directory
/usr/local/lsws/fcgi-bin/lswsgi_wrapper: line 6: /home/rudhamla/virtualenv/nr/3.6/bin/set_env_vars.py: No such file or directory
/usr/local/lsws/fcgi-bin/lswsgi_wrapper: line 6: /home/rudhamla/virtualenv/nr/3.6/bin/set_env_vars.py: No such file or directory
/usr/local/lsws/fcgi-bin/lswsgi_wrapper: line 6: /home/rudhamla/virtualenv/nr/3.6/bin/set_env_vars.py: No such file or directory
/usr/local/lsws/fcgi-bin/lswsgi_wrapper: line 6: /home/rudhamla/virtualenv/nr/3.6/bin/set_env_vars.py: No such file or directory
/usr/local/lsws/fcgi-bin/lswsgi_wrapper: line 6: /home/rudhamla/virtualenv/nr/3.6/bin/set_env_vars.py: No such file or directory
/usr/local/lsws/fcgi-bin/lswsgi_wrapper: line 6: /home/rudhamla/virtualenv/nr/3.6/bin/set_env_vars.py: No such file or directory
/usr/local/lsws/fcgi-bin/lswsgi_wrapper: line 6: /home/rudhamla/virtualenv/nr/3.6/bin/set_env_vars.py: No such file or directory
/usr/local/lsws/fcgi-bin/lswsgi_wrapper: line 6: /home/rudhamla/virtualenv/nr/3.6/bin/set_env_vars.py: No such file or directory
/usr/local/lsws/fcgi-bin/lswsgi_wrapper: line 6: /home/rudhamla/virtualenv/nr/3.6/bin/set_env_vars.py: No such file or directory
/usr/local/lsws/fcgi-bin/lswsgi_wrapper: line 6: /home/rudhamla/virtualenv/nr/3.6/bin/set_env_vars.py: No such file or directory
/usr/local/lsws/fcgi-bin/lswsgi_wrapper: line 6: /home/rudhamla/virtualenv/nr/3.6/bin/set_env_vars.py: No such file or directory
/usr/local/lsws/fcgi-bin/lswsgi_wrapper: line 6: /home/rudhamla/virtualenv/nr/3.6/bin/set_env_vars.py: No such file or directory
/usr/local/lsws/fcgi-bin/lswsgi_wrapper: line 6: /home/rudhamla/virtualenv/nr/3.6/bin/set_env_vars.py: No such file or directory
/usr/local/lsws/fcgi-bin/lswsgi_wrapper: line 6: /home/rudhamla/virtualenv/nr/3.6/bin/set_env_vars.py: No such file or directory
/usr/local/lsws/fcgi-bin/lswsgi_wrapper: line 6: /home/rudhamla/virtualenv/nr/3.6/bin/set_env_vars.py: No such file or directory
/usr/local/lsws/fcgi-bin/lswsgi_wrapper: line 6: /home/rudhamla/virtualenv/nr/3.6/bin/set_env_vars.py: No such file or directory
/usr/local/lsws/fcgi-bin/lswsgi_wrapper: line 6: /home/rudhamla/virtualenv/nr/3.6/bin/set_env_vars.py: No such file or directory
/usr/local/lsws/fcgi-bin/lswsgi_wrapper: line 6: /home/rudhamla/virtualenv/nr/3.6/bin/set_env_vars.py: No such file or directory
/usr/local/lsws/fcgi-bin/lswsgi_wrapper: line 6: /home/rudhamla/virtualenv/nr/3.6/bin/set_env_vars.py: No such file or directory
/usr/local/lsws/fcgi-bin/lswsgi_wrapper: line 6: /home/rudhamla/virtualenv/nr/3.6/bin/set_env_vars.py: No such file or directory
/usr/local/lsws/fcgi-bin/lswsgi_wrapper: line 6: /home/rudhamla/virtualenv/nr/3.6/bin/set_env_vars.py: No such file or directory
/usr/local/lsws/fcgi-bin/lswsgi_wrapper: line 6: /home/rudhamla/virtualenv/nr/3.6/bin/set_env_vars.py: No such file or directory
/usr/local/lsws/fcgi-bin/lswsgi_wrapper: line 6: /home/rudhamla/virtualenv/nr/3.6/bin/set_env_vars.py: No such file or directory
/usr/local/lsws/fcgi-bin/lswsgi_wrapper: line 6: /home/rudhamla/virtualenv/nr/3.6/bin/set_env_vars.py: No such file or directory
/usr/local/lsws/fcgi-bin/lswsgi_wrapper: line 6: /home/rudhamla/virtualenv/nr/3.6/bin/set_env_vars.py: No such file or directory
/usr/local/lsws/fcgi-bin/lswsgi_wrapper: line 6: /home/rudhamla/virtualenv/nr/3.6/bin/set_env_vars.py: No such file or directory
/usr/local/lsws/fcgi-bin/lswsgi_wrapper: line 6: /home/rudhamla/virtualenv/nr/3.6/bin/set_env_vars.py: No such file or directory
/usr/local/lsws/fcgi-bin/lswsgi_wrapper: line 6: /home/rudhamla/virtualenv/nr/3.6/bin/set_env_vars.py: No such file or directory
/usr/local/lsws/fcgi-bin/lswsgi_wrapper: line 6: /home/rudhamla/virtualenv/nr/3.6/bin/set_env_vars.py: No such file or directory
/usr/local/lsws/fcgi-bin/lswsgi_wrapper: line 6: /home/rudhamla/virtualenv/nr/3.6/bin/set_env_vars.py: No such file or directory
/usr/local/lsws/fcgi-bin/lswsgi_wrapper: line 6: /home/rudhamla/virtualenv/nr/3.6/bin/set_env_vars.py: No such file or directory
/usr/local/lsws/fcgi-bin/lswsgi_wrapper: line 6: /home/rudhamla/virtualenv/nr/3.6/bin/set_env_vars.py: No such file or directory
/usr/local/lsws/fcgi-bin/lswsgi_wrapper: line 6: /home/rudhamla/virtualenv/nr/3.6/bin/set_env_vars.py: No such file or directory
/usr/local/lsws/fcgi-bin/lswsgi_wrapper: line 6: /home/rudhamla/virtualenv/nr/3.6/bin/set_env_vars.py: No such file or directory
/usr/local/lsws/fcgi-bin/lswsgi_wrapper: line 6: /home/rudhamla/virtualenv/nr/3.6/bin/set_env_vars.py: No such file or directory
/usr/local/lsws/fcgi-bin/lswsgi_wrapper: line 6: /home/rudhamla/virtualenv/nr/3.6/bin/set_env_vars.py: No such file or directory
/usr/local/lsws/fcgi-bin/lswsgi_wrapper: line 6: /home/rudhamla/virtualenv/nr/3.6/bin/set_env_vars.py: No such file or directory
/usr/local/lsws/fcgi-bin/lswsgi_wrapper: line 6: /home/rudhamla/virtualenv/nr/3.6/bin/set_env_vars.py: No such file or directory
/usr/local/lsws/fcgi-bin/lswsgi_wrapper: line 6: /home/rudhamla/virtualenv/nr/3.6/bin/set_env_vars.py: No such file or directory
/usr/local/lsws/fcgi-bin/lswsgi_wrapper: line 6: /home/rudhamla/virtualenv/nr/3.6/bin/set_env_vars.py: No such file or directory
/usr/local/lsws/fcgi-bin/lswsgi_wrapper: line 6: /home/rudhamla/virtualenv/nr/3.6/bin/set_env_vars.py: No such file or directory
/usr/local/lsws/fcgi-bin/lswsgi_wrapper: line 6: /home/rudhamla/virtualenv/nr/3.6/bin/set_env_vars.py: No such file or directory
/usr/local/lsws/fcgi-bin/lswsgi_wrapper: line 6: /home/rudhamla/virtualenv/nr/3.6/bin/set_env_vars.py: No such file or directory
/usr/local/lsws/fcgi-bin/lswsgi_wrapper: line 6: /home/rudhamla/virtualenv/nr/3.6/bin/set_env_vars.py: No such file or directory
/usr/local/lsws/fcgi-bin/lswsgi_wrapper: line 6: /home/rudhamla/virtualenv/nr/3.6/bin/set_env_vars.py: No such file or directory
/usr/local/lsws/fcgi-bin/lswsgi_wrapper: line 6: /home/rudhamla/virtualenv/nr/3.6/bin/set_env_vars.py: No such file or directory
/usr/local/lsws/fcgi-bin/lswsgi_wrapper: line 6: /home/rudhamla/virtualenv/nr/3.6/bin/set_env_vars.py: No such file or directory
/usr/local/lsws/fcgi-bin/lswsgi_wrapper: line 6: /home/rudhamla/virtualenv/nr/3.6/bin/set_env_vars.py: No such file or directory
/usr/local/lsws/fcgi-bin/lswsgi_wrapper: line 6: /home/rudhamla/virtualenv/nr/3.6/bin/set_env_vars.py: No such file or directory
/usr/local/lsws/fcgi-bin/lswsgi_wrapper: line 6: /home/rudhamla/virtualenv/nr/3.6/bin/set_env_vars.py: No such file or directory
/usr/local/lsws/fcgi-bin/lswsgi_wrapper: line 6: /home/rudhamla/virtualenv/nr/3.6/bin/set_env_vars.py: No such file or directory
/usr/local/lsws/fcgi-bin/lswsgi_wrapper: line 6: /home/rudhamla/virtualenv/nr/3.6/bin/set_env_vars.py: No such file or directory
/usr/local/lsws/fcgi-bin/lswsgi_wrapper: line 6: /home/rudhamla/virtualenv/nr/3.6/bin/set_env_vars.py: No such file or directory
/usr/local/lsws/fcgi-bin/lswsgi_wrapper: line 6: /home/rudhamla/virtualenv/nr/3.6/bin/set_env_vars.py: No such file or directory
/usr/local/lsws/fcgi-bin/lswsgi_wrapper: line 6: /home/rudhamla/virtualenv/nr/3.6/bin/set_env_vars.py: No such file or directory
/usr/local/lsws/fcgi-bin/lswsgi_wrapper: line 6: /home/rudhamla/virtualenv/nr/3.6/bin/set_env_vars.py: No such file or directory
/usr/local/lsws/fcgi-bin/lswsgi_wrapper: line 6: /home/rudhamla/virtualenv/nr/3.6/bin/set_env_vars.py: No such file or directory
/usr/local/lsws/fcgi-bin/lswsgi_wrapper: line 6: /home/rudhamla/virtualenv/nr/3.6/bin/set_env_vars.py: No such file or directory
/usr/local/lsws/fcgi-bin/lswsgi_wrapper: line 6: /home/rudhamla/virtualenv/nr/3.6/bin/set_env_vars.py: No such file or directory
/usr/local/lsws/fcgi-bin/lswsgi_wrapper: line 6: /home/rudhamla/virtualenv/nr/3.6/bin/set_env_vars.py: No such file or directory
/usr/local/lsws/fcgi-bin/lswsgi_wrapper: line 6: /home/rudhamla/virtualenv/nr/3.6/bin/set_env_vars.py: No such file or directory
/usr/local/lsws/fcgi-bin/lswsgi_wrapper: line 6: /home/rudhamla/virtualenv/nr/3.6/bin/set_env_vars.py: No such file or directory
/usr/local/lsws/fcgi-bin/lswsgi_wrapper: line 6: /home/rudhamla/virtualenv/nr/3.6/bin/set_env_vars.py: No such file or directory
/usr/local/lsws/fcgi-bin/lswsgi_wrapper: line 6: /home/rudhamla/virtualenv/nr/3.6/bin/set_env_vars.py: No such file or directory
/usr/local/lsws/fcgi-bin/lswsgi_wrapper: line 6: /home/rudhamla/virtualenv/nr/3.6/bin/set_env_vars.py: No such file or directory
/usr/local/lsws/fcgi-bin/lswsgi_wrapper: line 6: /home/rudhamla/virtualenv/nr/3.6/bin/set_env_vars.py: No such file or directory
/usr/local/lsws/fcgi-bin/lswsgi_wrapper: line 6: /home/rudhamla/virtualenv/nr/3.6/bin/set_env_vars.py: No such file or directory
/usr/local/lsws/fcgi-bin/lswsgi_wrapper: line 6: /home/rudhamla/virtualenv/nr/3.6/bin/set_env_vars.py: No such file or directory
/usr/local/lsws/fcgi-bin/lswsgi_wrapper: line 6: /home/rudhamla/virtualenv/nr/3.6/bin/set_env_vars.py: No such file or directory
/usr/local/lsws/fcgi-bin/lswsgi_wrapper: line 6: /home/rudhamla/virtualenv/nr/3.6/bin/set_env_vars.py: No such file or directory
/usr/local/lsws/fcgi-bin/lswsgi_wrapper: line 6: /home/rudhamla/virtualenv/nr/3.6/bin/set_env_vars.py: No such file or directory
/usr/local/lsws/fcgi-bin/lswsgi_wrapper: line 6: /home/rudhamla/virtualenv/nr/3.6/bin/set_env_vars.py: No such file or directory
/usr/local/lsws/fcgi-bin/lswsgi_wrapper: line 6: /home/rudhamla/virtualenv/nr/3.6/bin/set_env_vars.py: No such file or directory
/usr/local/lsws/fcgi-bin/lswsgi_wrapper: line 6: /home/rudhamla/virtualenv/nr/3.6/bin/set_env_vars.py: No such file or directory
/usr/local/lsws/fcgi-bin/lswsgi_wrapper: line 6: /home/rudhamla/virtualenv/nr/3.6/bin/set_env_vars.py: No such file or directory
/usr/local/lsws/fcgi-bin/lswsgi_wrapper: line 6: /home/rudhamla/virtualenv/nr/3.6/bin/set_env_vars.py: No such file or directory
/usr/local/lsws/fcgi-bin/lswsgi_wrapper: line 6: /home/rudhamla/virtualenv/nr/3.6/bin/set_env_vars.py: No such file or directory
/usr/local/lsws/fcgi-bin/lswsgi_wrapper: line 6: /home/rudhamla/virtualenv/nr/3.6/bin/set_env_vars.py: No such file or directory
/usr/local/lsws/fcgi-bin/lswsgi_wrapper: line 6: /home/rudhamla/virtualenv/nr/3.6/bin/set_env_vars.py: No such file or directory
/usr/local/lsws/fcgi-bin/lswsgi_wrapper: line 6: /home/rudhamla/virtualenv/nr/3.6/bin/set_env_vars.py: No such file or directory
/usr/local/lsws/fcgi-bin/lswsgi_wrapper: line 6: /home/rudhamla/virtualenv/nr/3.6/bin/set_env_vars.py: No such file or directory
/usr/local/lsws/fcgi-bin/lswsgi_wrapper: line 6: /home/rudhamla/virtualenv/nr/3.6/bin/set_env_vars.py: No such file or directory
/usr/local/lsws/fcgi-bin/lswsgi_wrapper: line 6: /home/rudhamla/virtualenv/nr/3.6/bin/set_env_vars.py: No such file or directory
/usr/local/lsws/fcgi-bin/lswsgi_wrapper: line 6: /home/rudhamla/virtualenv/nr/3.6/bin/set_env_vars.py: No such file or directory
/usr/local/lsws/fcgi-bin/lswsgi_wrapper: line 6: /home/rudhamla/virtualenv/nr/3.6/bin/set_env_vars.py: No such file or directory
/usr/local/lsws/fcgi-bin/lswsgi_wrapper: line 6: /home/rudhamla/virtualenv/nr/3.6/bin/set_env_vars.py: No such file or directory
/usr/local/lsws/fcgi-bin/lswsgi_wrapper: line 6: /home/rudhamla/virtualenv/nr/3.6/bin/set_env_vars.py: No such file or directory
/usr/local/lsws/fcgi-bin/lswsgi_wrapper: line 6: /home/rudhamla/virtualenv/nr/3.6/bin/set_env_vars.py: No such file or directory
/usr/local/lsws/fcgi-bin/lswsgi_wrapper: line 6: /home/rudhamla/virtualenv/nr/3.6/bin/set_env_vars.py: No such file or directory
/usr/local/lsws/fcgi-bin/lswsgi_wrapper: line 6: /home/rudhamla/virtualenv/nr/3.6/bin/set_env_vars.py: No such file or directory
/usr/local/lsws/fcgi-bin/lswsgi_wrapper: line 6: /home/rudhamla/virtualenv/nr/3.6/bin/set_env_vars.py: No such file or directory
/usr/local/lsws/fcgi-bin/lswsgi_wrapper: line 6: /home/rudhamla/virtualenv/nr/3.6/bin/set_env_vars.py: No such file or directory
/usr/local/lsws/fcgi-bin/lswsgi_wrapper: line 6: /home/rudhamla/virtualenv/nr/3.6/bin/set_env_vars.py: No such file or directory
/usr/local/lsws/fcgi-bin/lswsgi_wrapper: line 6: /home/rudhamla/virtualenv/nr/3.6/bin/set_env_vars.py: No such file or directory
/usr/local/lsws/fcgi-bin/lswsgi_wrapper: line 6: /home/rudhamla/virtualenv/nr/3.6/bin/set_env_vars.py: No such file or directory
/usr/local/lsws/fcgi-bin/lswsgi_wrapper: line 6: /home/rudhamla/virtualenv/nr/3.6/bin/set_env_vars.py: No such file or directory
/usr/local/lsws/fcgi-bin/lswsgi_wrapper: line 6: /home/rudhamla/virtualenv/nr/3.6/bin/set_env_vars.py: No such file or directory
/usr/local/lsws/fcgi-bin/lswsgi_wrapper: line 6: /home/rudhamla/virtualenv/nr/3.6/bin/set_env_vars.py: No such file or directory
/usr/local/lsws/fcgi-bin/lswsgi_wrapper: line 6: /home/rudhamla/virtualenv/nr/3.6/bin/set_env_vars.py: No such file or directory
/usr/local/lsws/fcgi-bin/lswsgi_wrapper: line 6: /home/rudhamla/virtualenv/nr/3.6/bin/set_env_vars.py: No such file or directory
/usr/local/lsws/fcgi-bin/lswsgi_wrapper: line 6: /home/rudhamla/virtualenv/nr/3.6/bin/set_env_vars.py: No such file or directory
/usr/local/lsws/fcgi-bin/lswsgi_wrapper: line 6: /home/rudhamla/virtualenv/nr/3.6/bin/set_env_vars.py: No such file or directory
/usr/local/lsws/fcgi-bin/lswsgi_wrapper: line 6: /home/rudhamla/virtualenv/nr/3.6/bin/set_env_vars.py: No such file or directory
/usr/local/lsws/fcgi-bin/lswsgi_wrapper: line 6: /home/rudhamla/virtualenv/nr/3.6/bin/set_env_vars.py: No such file or directory
/usr/local/lsws/fcgi-bin/lswsgi_wrapper: line 6: /home/rudhamla/virtualenv/nr/3.6/bin/set_env_vars.py: No such file or directory
/usr/local/lsws/fcgi-bin/lswsgi_wrapper: line 6: /home/rudhamla/virtualenv/nr/3.6/bin/set_env_vars.py: No such file or directory
/usr/local/lsws/fcgi-bin/lswsgi_wrapper: line 6: /home/rudhamla/virtualenv/nr/3.6/bin/set_env_vars.py: No such file or directory
/usr/local/lsws/fcgi-bin/lswsgi_wrapper: line 6: /home/rudhamla/virtualenv/nr/3.6/bin/set_env_vars.py: No such file or directory
/usr/local/lsws/fcgi-bin/lswsgi_wrapper: line 6: /home/rudhamla/virtualenv/nr/3.6/bin/set_env_vars.py: No such file or directory
/usr/local/lsws/fcgi-bin/lswsgi_wrapper: line 6: /home/rudhamla/virtualenv/nr/3.6/bin/set_env_vars.py: No such file or directory
/usr/local/lsws/fcgi-bin/lswsgi_wrapper: line 6: /home/rudhamla/virtualenv/nr/3.6/bin/set_env_vars.py: No such file or directory
/usr/local/lsws/fcgi-bin/lswsgi_wrapper: line 6: /home/rudhamla/virtualenv/nr/3.6/bin/set_env_vars.py: No such file or directory
/usr/local/lsws/fcgi-bin/lswsgi_wrapper: line 6: /home/rudhamla/virtualenv/nr/3.6/bin/set_env_vars.py: No such file or directory
/usr/local/lsws/fcgi-bin/lswsgi_wrapper: line 6: /home/rudhamla/virtualenv/nr/3.6/bin/set_env_vars.py: No such file or directory
/usr/local/lsws/fcgi-bin/lswsgi_wrapper: line 6: /home/rudhamla/virtualenv/nr/3.6/bin/set_env_vars.py: No such file or directory
/usr/local/lsws/fcgi-bin/lswsgi_wrapper: line 6: /home/rudhamla/virtualenv/nr/3.6/bin/set_env_vars.py: No such file or directory
/usr/local/lsws/fcgi-bin/lswsgi_wrapper: line 6: /home/rudhamla/virtualenv/nr/3.6/bin/set_env_vars.py: No such file or directory
/usr/local/lsws/fcgi-bin/lswsgi_wrapper: line 6: /home/rudhamla/virtualenv/nr/3.6/bin/set_env_vars.py: No such file or directory
/usr/local/lsws/fcgi-bin/lswsgi_wrapper: line 6: /home/rudhamla/virtualenv/nr/3.6/bin/set_env_vars.py: No such file or directory
/usr/local/lsws/fcgi-bin/lswsgi_wrapper: line 6: /home/rudhamla/virtualenv/nr/3.6/bin/set_env_vars.py: No such file or directory
/usr/local/lsws/fcgi-bin/lswsgi_wrapper: line 6: /home/rudhamla/virtualenv/nr/3.6/bin/set_env_vars.py: No such file or directory
/usr/local/lsws/fcgi-bin/lswsgi_wrapper: line 6: /home/rudhamla/virtualenv/nr/3.6/bin/set_env_vars.py: No such file or directory
/usr/local/lsws/fcgi-bin/lswsgi_wrapper: line 6: /home/rudhamla/virtualenv/nr/3.6/bin/set_env_vars.py: No such file or directory
/usr/local/lsws/fcgi-bin/lswsgi_wrapper: line 6: /home/rudhamla/virtualenv/nr/3.6/bin/set_env_vars.py: No such file or directory
/usr/local/lsws/fcgi-bin/lswsgi_wrapper: line 6: /home/rudhamla/virtualenv/nr/3.6/bin/set_env_vars.py: No such file or directory
/usr/local/lsws/fcgi-bin/lswsgi_wrapper: line 6: /home/rudhamla/virtualenv/nr/3.6/bin/set_env_vars.py: No such file or directory
/usr/local/lsws/fcgi-bin/lswsgi_wrapper: line 6: /home/rudhamla/virtualenv/nr/3.6/bin/set_env_vars.py: No such file or directory
/usr/local/lsws/fcgi-bin/lswsgi_wrapper: line 6: /home/rudhamla/virtualenv/nr/3.6/bin/set_env_vars.py: No such file or directory
/usr/local/lsws/fcgi-bin/lswsgi_wrapper: line 6: /home/rudhamla/virtualenv/nr/3.6/bin/set_env_vars.py: No such file or directory
/usr/local/lsws/fcgi-bin/lswsgi_wrapper: line 6: /home/rudhamla/virtualenv/nr/3.6/bin/set_env_vars.py: No such file or directory
/usr/local/lsws/fcgi-bin/lswsgi_wrapper: line 6: /home/rudhamla/virtualenv/nr/3.6/bin/set_env_vars.py: No such file or directory
/usr/local/lsws/fcgi-bin/lswsgi_wrapper: line 6: /home/rudhamla/virtualenv/nr/3.6/bin/set_env_vars.py: No such file or directory
/usr/local/lsws/fcgi-bin/lswsgi_wrapper: line 6: /home/rudhamla/virtualenv/nr/3.6/bin/set_env_vars.py: No such file or directory
/usr/local/lsws/fcgi-bin/lswsgi_wrapper: line 6: /home/rudhamla/virtualenv/nr/3.6/bin/set_env_vars.py: No such file or directory
/usr/local/lsws/fcgi-bin/lswsgi_wrapper: line 6: /home/rudhamla/virtualenv/nr/3.6/bin/set_env_vars.py: No such file or directory
/usr/local/lsws/fcgi-bin/lswsgi_wrapper: line 6: /home/rudhamla/virtualenv/nr/3.6/bin/set_env_vars.py: No such file or directory
/usr/local/lsws/fcgi-bin/lswsgi_wrapper: line 6: /home/rudhamla/virtualenv/nr/3.6/bin/set_env_vars.py: No such file or directory
/usr/local/lsws/fcgi-bin/lswsgi_wrapper: line 6: /home/rudhamla/virtualenv/nr/3.6/bin/set_env_vars.py: No such file or directory
/usr/local/lsws/fcgi-bin/lswsgi_wrapper: line 6: /home/rudhamla/virtualenv/nr/3.6/bin/set_env_vars.py: No such file or directory
/usr/local/lsws/fcgi-bin/lswsgi_wrapper: line 6: /home/rudhamla/virtualenv/nr/3.6/bin/set_env_vars.py: No such file or directory
/usr/local/lsws/fcgi-bin/lswsgi_wrapper: line 6: /home/rudhamla/virtualenv/nr/3.6/bin/set_env_vars.py: No such file or directory
/usr/local/lsws/fcgi-bin/lswsgi_wrapper: line 6: /home/rudhamla/virtualenv/nr/3.6/bin/set_env_vars.py: No such file or directory
/usr/local/lsws/fcgi-bin/lswsgi_wrapper: line 6: /home/rudhamla/virtualenv/nr/3.6/bin/set_env_vars.py: No such file or directory
/usr/local/lsws/fcgi-bin/lswsgi_wrapper: line 6: /home/rudhamla/virtualenv/nr/3.6/bin/set_env_vars.py: No such file or directory
/usr/local/lsws/fcgi-bin/lswsgi_wrapper: line 6: /home/rudhamla/virtualenv/nr/3.6/bin/set_env_vars.py: No such file or directory
/usr/local/lsws/fcgi-bin/lswsgi_wrapper: line 6: /home/rudhamla/virtualenv/nr/3.6/bin/set_env_vars.py: No such file or directory
/usr/local/lsws/fcgi-bin/lswsgi_wrapper: line 6: /home/rudhamla/virtualenv/nr/3.6/bin/set_env_vars.py: No such file or directory
/usr/local/lsws/fcgi-bin/lswsgi_wrapper: line 6: /home/rudhamla/virtualenv/nr/3.6/bin/set_env_vars.py: No such file or directory
/usr/local/lsws/fcgi-bin/lswsgi_wrapper: line 6: /home/rudhamla/virtualenv/nr/3.6/bin/set_env_vars.py: No such file or directory
/usr/local/lsws/fcgi-bin/lswsgi_wrapper: line 6: /home/rudhamla/virtualenv/nr/3.6/bin/set_env_vars.py: No such file or directory
/usr/local/lsws/fcgi-bin/lswsgi_wrapper: line 6: /home/rudhamla/virtualenv/nr/3.6/bin/set_env_vars.py: No such file or directory
/usr/local/lsws/fcgi-bin/lswsgi_wrapper: line 6: /home/rudhamla/virtualenv/nr/3.6/bin/set_env_vars.py: No such file or directory
/usr/local/lsws/fcgi-bin/lswsgi_wrapper: line 6: /home/rudhamla/virtualenv/nr/3.6/bin/set_env_vars.py: No such file or directory
/usr/local/lsws/fcgi-bin/lswsgi_wrapper: line 6: /home/rudhamla/virtualenv/nr/3.6/bin/set_env_vars.py: No such file or directory
/usr/local/lsws/fcgi-bin/lswsgi_wrapper: line 6: /home/rudhamla/virtualenv/nr/3.6/bin/set_env_vars.py: No such file or directory
/usr/local/lsws/fcgi-bin/lswsgi_wrapper: line 6: /home/rudhamla/virtualenv/nr/3.6/bin/set_env_vars.py: No such file or directory
/usr/local/lsws/fcgi-bin/lswsgi_wrapper: line 6: /home/rudhamla/virtualenv/nr/3.6/bin/set_env_vars.py: No such file or directory
/usr/local/lsws/fcgi-bin/lswsgi_wrapper: line 6: /home/rudhamla/virtualenv/nr/3.6/bin/set_env_vars.py: No such file or directory
/usr/local/lsws/fcgi-bin/lswsgi_wrapper: line 6: /home/rudhamla/virtualenv/nr/3.6/bin/set_env_vars.py: No such file or directory
/usr/local/lsws/fcgi-bin/lswsgi_wrapper: line 6: /home/rudhamla/virtualenv/nr/3.6/bin/set_env_vars.py: No such file or directory
/usr/local/lsws/fcgi-bin/lswsgi_wrapper: line 6: /home/rudhamla/virtualenv/nr/3.6/bin/set_env_vars.py: No such file or directory
/usr/local/lsws/fcgi-bin/lswsgi_wrapper: line 6: /home/rudhamla/virtualenv/nr/3.6/bin/set_env_vars.py: No such file or directory
/usr/local/lsws/fcgi-bin/lswsgi_wrapper: line 6: /home/rudhamla/virtualenv/nr/3.6/bin/set_env_vars.py: No such file or directory
/usr/local/lsws/fcgi-bin/lswsgi_wrapper: line 6: /home/rudhamla/virtualenv/nr/3.6/bin/set_env_vars.py: No such file or directory
/usr/local/lsws/fcgi-bin/lswsgi_wrapper: line 6: /home/rudhamla/virtualenv/nr/3.6/bin/set_env_vars.py: No such file or directory
/usr/local/lsws/fcgi-bin/lswsgi_wrapper: line 6: /home/rudhamla/virtualenv/nr/3.6/bin/set_env_vars.py: No such file or directory
/usr/local/lsws/fcgi-bin/lswsgi_wrapper: line 6: /home/rudhamla/virtualenv/nr/3.6/bin/set_env_vars.py: No such file or directory
/usr/local/lsws/fcgi-bin/lswsgi_wrapper: line 6: /home/rudhamla/virtualenv/nr/3.6/bin/set_env_vars.py: No such file or directory
/usr/local/lsws/fcgi-bin/lswsgi_wrapper: line 6: /home/rudhamla/virtualenv/nr/3.6/bin/set_env_vars.py: No such file or directory
/usr/local/lsws/fcgi-bin/lswsgi_wrapper: line 6: /home/rudhamla/virtualenv/nr/3.6/bin/set_env_vars.py: No such file or directory
/usr/local/lsws/fcgi-bin/lswsgi_wrapper: line 6: /home/rudhamla/virtualenv/nr/3.6/bin/set_env_vars.py: No such file or directory
/usr/local/lsws/fcgi-bin/lswsgi_wrapper: line 6: /home/rudhamla/virtualenv/nr/3.6/bin/set_env_vars.py: No such file or directory
/usr/local/lsws/fcgi-bin/lswsgi_wrapper: line 6: /home/rudhamla/virtualenv/nr/3.6/bin/set_env_vars.py: No such file or directory
/usr/local/lsws/fcgi-bin/lswsgi_wrapper: line 6: /home/rudhamla/virtualenv/nr/3.6/bin/set_env_vars.py: No such file or directory
/usr/local/lsws/fcgi-bin/lswsgi_wrapper: line 6: /home/rudhamla/virtualenv/nr/3.6/bin/set_env_vars.py: No such file or directory
/usr/local/lsws/fcgi-bin/lswsgi_wrapper: line 6: /home/rudhamla/virtualenv/nr/3.6/bin/set_env_vars.py: No such file or directory
/usr/local/lsws/fcgi-bin/lswsgi_wrapper: line 6: /home/rudhamla/virtualenv/nr/3.6/bin/set_env_vars.py: No such file or directory
/usr/local/lsws/fcgi-bin/lswsgi_wrapper: line 6: /home/rudhamla/virtualenv/nr/3.6/bin/set_env_vars.py: No such file or directory
/usr/local/lsws/fcgi-bin/lswsgi_wrapper: line 6: /home/rudhamla/virtualenv/nr/3.6/bin/set_env_vars.py: No such file or directory
/usr/local/lsws/fcgi-bin/lswsgi_wrapper: line 6: /home/rudhamla/virtualenv/nr/3.6/bin/set_env_vars.py: No such file or directory
/usr/local/lsws/fcgi-bin/lswsgi_wrapper: line 6: /home/rudhamla/virtualenv/nr/3.6/bin/set_env_vars.py: No such file or directory
/usr/local/lsws/fcgi-bin/lswsgi_wrapper: line 6: /home/rudhamla/virtualenv/nr/3.6/bin/set_env_vars.py: No such file or directory
/usr/local/lsws/fcgi-bin/lswsgi_wrapper: line 6: /home/rudhamla/virtualenv/nr/3.6/bin/set_env_vars.py: No such file or directory
/usr/local/lsws/fcgi-bin/lswsgi_wrapper: line 6: /home/rudhamla/virtualenv/nr/3.6/bin/set_env_vars.py: No such file or directory
/usr/local/lsws/fcgi-bin/lswsgi_wrapper: line 6: /home/rudhamla/virtualenv/nr/3.6/bin/set_env_vars.py: No such file or directory
/usr/local/lsws/fcgi-bin/lswsgi_wrapper: line 6: /home/rudhamla/virtualenv/nr/3.6/bin/set_env_vars.py: No such file or directory
/usr/local/lsws/fcgi-bin/lswsgi_wrapper: line 6: /home/rudhamla/virtualenv/nr/3.6/bin/set_env_vars.py: No such file or directory
/usr/local/lsws/fcgi-bin/lswsgi_wrapper: line 6: /home/rudhamla/virtualenv/nr/3.6/bin/set_env_vars.py: No such file or directory
/usr/local/lsws/fcgi-bin/lswsgi_wrapper: line 6: /home/rudhamla/virtualenv/nr/3.6/bin/set_env_vars.py: No such file or directory
/usr/local/lsws/fcgi-bin/lswsgi_wrapper: line 6: /home/rudhamla/virtualenv/nr/3.6/bin/set_env_vars.py: No such file or directory
/usr/local/lsws/fcgi-bin/lswsgi_wrapper: line 6: /home/rudhamla/virtualenv/nr/3.6/bin/set_env_vars.py: No such file or directory
/usr/local/lsws/fcgi-bin/lswsgi_wrapper: line 6: /home/rudhamla/virtualenv/nr/3.6/bin/set_env_vars.py: No such file or directory
/usr/local/lsws/fcgi-bin/lswsgi_wrapper: line 6: /home/rudhamla/virtualenv/nr/3.6/bin/set_env_vars.py: No such file or directory
/usr/local/lsws/fcgi-bin/lswsgi_wrapper: line 6: /home/rudhamla/virtualenv/nr/3.6/bin/set_env_vars.py: No such file or directory
/usr/local/lsws/fcgi-bin/lswsgi_wrapper: line 6: /home/rudhamla/virtualenv/nr/3.6/bin/set_env_vars.py: No such file or directory
/usr/local/lsws/fcgi-bin/lswsgi_wrapper: line 6: /home/rudhamla/virtualenv/nr/3.6/bin/set_env_vars.py: No such file or directory
/usr/local/lsws/fcgi-bin/lswsgi_wrapper: line 6: /home/rudhamla/virtualenv/nr/3.6/bin/set_env_vars.py: No such file or directory
/usr/local/lsws/fcgi-bin/lswsgi_wrapper: line 6: /home/rudhamla/virtualenv/nr/3.6/bin/set_env_vars.py: No such file or directory
/usr/local/lsws/fcgi-bin/lswsgi_wrapper: line 6: /home/rudhamla/virtualenv/nr/3.6/bin/set_env_vars.py: No such file or directory
/usr/local/lsws/fcgi-bin/lswsgi_wrapper: line 6: /home/rudhamla/virtualenv/nr/3.6/bin/set_env_vars.py: No such file or directory
/usr/local/lsws/fcgi-bin/lswsgi_wrapper: line 6: /home/rudhamla/virtualenv/nr/3.6/bin/set_env_vars.py: No such file or directory
/usr/local/lsws/fcgi-bin/lswsgi_wrapper: line 6: /home/rudhamla/virtualenv/nr/3.6/bin/set_env_vars.py: No such file or directory
/usr/local/lsws/fcgi-bin/lswsgi_wrapper: line 6: /home/rudhamla/virtualenv/nr/3.6/bin/set_env_vars.py: No such file or directory
/usr/local/lsws/fcgi-bin/lswsgi_wrapper: line 6: /home/rudhamla/virtualenv/nr/3.6/bin/set_env_vars.py: No such file or directory
/usr/local/lsws/fcgi-bin/lswsgi_wrapper: line 6: /home/rudhamla/virtualenv/nr/3.6/bin/set_env_vars.py: No such file or directory
/usr/local/lsws/fcgi-bin/lswsgi_wrapper: line 6: /home/rudhamla/virtualenv/nr/3.6/bin/set_env_vars.py: No such file or directory
/usr/local/lsws/fcgi-bin/lswsgi_wrapper: line 6: /home/rudhamla/virtualenv/nr/3.6/bin/set_env_vars.py: No such file or directory
/usr/local/lsws/fcgi-bin/lswsgi_wrapper: line 6: /home/rudhamla/virtualenv/nr/3.6/bin/set_env_vars.py: No such file or directory
/usr/local/lsws/fcgi-bin/lswsgi_wrapper: line 6: /home/rudhamla/virtualenv/nr/3.6/bin/set_env_vars.py: No such file or directory
/usr/local/lsws/fcgi-bin/lswsgi_wrapper: line 6: /home/rudhamla/virtualenv/nr/3.6/bin/set_env_vars.py: No such file or directory
/usr/local/lsws/fcgi-bin/lswsgi_wrapper: line 6: /home/rudhamla/virtualenv/nr/3.6/bin/set_env_vars.py: No such file or directory
/usr/local/lsws/fcgi-bin/lswsgi_wrapper: line 6: /home/rudhamla/virtualenv/nr/3.6/bin/set_env_vars.py: No such file or directory
/usr/local/lsws/fcgi-bin/lswsgi_wrapper: line 6: /home/rudhamla/virtualenv/nr/3.6/bin/set_env_vars.py: No such file or directory
/usr/local/lsws/fcgi-bin/lswsgi_wrapper: line 6: /home/rudhamla/virtualenv/nr/3.6/bin/set_env_vars.py: No such file or directory
/usr/local/lsws/fcgi-bin/lswsgi_wrapper: line 6: /home/rudhamla/virtualenv/nr/3.6/bin/set_env_vars.py: No such file or directory
/usr/local/lsws/fcgi-bin/lswsgi_wrapper: line 6: /home/rudhamla/virtualenv/nr/3.6/bin/set_env_vars.py: No such file or directory
/usr/local/lsws/fcgi-bin/lswsgi_wrapper: line 6: /home/rudhamla/virtualenv/nr/3.6/bin/set_env_vars.py: No such file or directory
/usr/local/lsws/fcgi-bin/lswsgi_wrapper: line 6: /home/rudhamla/virtualenv/nr/3.6/bin/set_env_vars.py: No such file or directory
/usr/local/lsws/fcgi-bin/lswsgi_wrapper: line 6: /home/rudhamla/virtualenv/nr/3.6/bin/set_env_vars.py: No such file or directory
/usr/local/lsws/fcgi-bin/lswsgi_wrapper: line 6: /home/rudhamla/virtualenv/nr/3.6/bin/set_env_vars.py: No such file or directory
/usr/local/lsws/fcgi-bin/lswsgi_wrapper: line 6: /home/rudhamla/virtualenv/nr/3.6/bin/set_env_vars.py: No such file or directory
/usr/local/lsws/fcgi-bin/lswsgi_wrapper: line 6: /home/rudhamla/virtualenv/nr/3.6/bin/set_env_vars.py: No such file or directory
/usr/local/lsws/fcgi-bin/lswsgi_wrapper: line 6: /home/rudhamla/virtualenv/nr/3.6/bin/set_env_vars.py: No such file or directory
/usr/local/lsws/fcgi-bin/lswsgi_wrapper: line 6: /home/rudhamla/virtualenv/nr/3.6/bin/set_env_vars.py: No such file or directory
/usr/local/lsws/fcgi-bin/lswsgi_wrapper: line 6: /home/rudhamla/virtualenv/nr/3.6/bin/set_env_vars.py: No such file or directory
/usr/local/lsws/fcgi-bin/lswsgi_wrapper: line 6: /home/rudhamla/virtualenv/nr/3.6/bin/set_env_vars.py: No such file or directory
/usr/local/lsws/fcgi-bin/lswsgi_wrapper: line 6: /home/rudhamla/virtualenv/nr/3.6/bin/set_env_vars.py: No such file or directory
/usr/local/lsws/fcgi-bin/lswsgi_wrapper: line 6: /home/rudhamla/virtualenv/nr/3.6/bin/set_env_vars.py: No such file or directory
/usr/local/lsws/fcgi-bin/lswsgi_wrapper: line 6: /home/rudhamla/virtualenv/nr/3.6/bin/set_env_vars.py: No such file or directory
/usr/local/lsws/fcgi-bin/lswsgi_wrapper: line 6: /home/rudhamla/virtualenv/nr/3.6/bin/set_env_vars.py: No such file or directory
/usr/local/lsws/fcgi-bin/lswsgi_wrapper: line 6: /home/rudhamla/virtualenv/nr/3.6/bin/set_env_vars.py: No such file or directory
/usr/local/lsws/fcgi-bin/lswsgi_wrapper: line 6: /home/rudhamla/virtualenv/nr/3.6/bin/set_env_vars.py: No such file or directory
/usr/local/lsws/fcgi-bin/lswsgi_wrapper: line 6: /home/rudhamla/virtualenv/nr/3.6/bin/set_env_vars.py: No such file or directory
/usr/local/lsws/fcgi-bin/lswsgi_wrapper: line 6: /home/rudhamla/virtualenv/nr/3.6/bin/set_env_vars.py: No such file or directory
/usr/local/lsws/fcgi-bin/lswsgi_wrapper: line 6: /home/rudhamla/virtualenv/nr/3.6/bin/set_env_vars.py: No such file or directory
/usr/local/lsws/fcgi-bin/lswsgi_wrapper: line 6: /home/rudhamla/virtualenv/nr/3.6/bin/set_env_vars.py: No such file or directory
/usr/local/lsws/fcgi-bin/lswsgi_wrapper: line 6: /home/rudhamla/virtualenv/nr/3.6/bin/set_env_vars.py: No such file or directory
/usr/local/lsws/fcgi-bin/lswsgi_wrapper: line 6: /home/rudhamla/virtualenv/nr/3.6/bin/set_env_vars.py: No such file or directory
/usr/local/lsws/fcgi-bin/lswsgi_wrapper: line 6: /home/rudhamla/virtualenv/nr/3.6/bin/set_env_vars.py: No such file or directory
/usr/local/lsws/fcgi-bin/lswsgi_wrapper: line 6: /home/rudhamla/virtualenv/nr/3.6/bin/set_env_vars.py: No such file or directory
/usr/local/lsws/fcgi-bin/lswsgi_wrapper: line 6: /home/rudhamla/virtualenv/nr/3.6/bin/set_env_vars.py: No such file or directory
/usr/local/lsws/fcgi-bin/lswsgi_wrapper: line 6: /home/rudhamla/virtualenv/nr/3.6/bin/set_env_vars.py: No such file or directory
/usr/local/lsws/fcgi-bin/lswsgi_wrapper: line 6: /home/rudhamla/virtualenv/nr/3.6/bin/set_env_vars.py: No such file or directory
/usr/local/lsws/fcgi-bin/lswsgi_wrapper: line 6: /home/rudhamla/virtualenv/nr/3.6/bin/set_env_vars.py: No such file or directory
/usr/local/lsws/fcgi-bin/lswsgi_wrapper: line 6: /home/rudhamla/virtualenv/nr/3.6/bin/set_env_vars.py: No such file or directory
/usr/local/lsws/fcgi-bin/lswsgi_wrapper: line 6: /home/rudhamla/virtualenv/nr/3.6/bin/set_env_vars.py: No such file or directory
/usr/local/lsws/fcgi-bin/lswsgi_wrapper: line 6: /home/rudhamla/virtualenv/nr/3.6/bin/set_env_vars.py: No such file or directory
/usr/local/lsws/fcgi-bin/lswsgi_wrapper: line 6: /home/rudhamla/virtualenv/nr/3.6/bin/set_env_vars.py: No such file or directory
/usr/local/lsws/fcgi-bin/lswsgi_wrapper: line 6: /home/rudhamla/virtualenv/nr/3.6/bin/set_env_vars.py: No such file or directory
/usr/local/lsws/fcgi-bin/lswsgi_wrapper: line 6: /home/rudhamla/virtualenv/nr/3.6/bin/set_env_vars.py: No such file or directory
/usr/local/lsws/fcgi-bin/lswsgi_wrapper: line 6: /home/rudhamla/virtualenv/nr/3.6/bin/set_env_vars.py: No such file or directory
/usr/local/lsws/fcgi-bin/lswsgi_wrapper: line 6: /home/rudhamla/virtualenv/nr/3.6/bin/set_env_vars.py: No such file or directory
/usr/local/lsws/fcgi-bin/lswsgi_wrapper: line 6: /home/rudhamla/virtualenv/nr/3.6/bin/set_env_vars.py: No such file or directory
/usr/local/lsws/fcgi-bin/lswsgi_wrapper: line 6: /home/rudhamla/virtualenv/nr/3.6/bin/set_env_vars.py: No such file or directory
/usr/local/lsws/fcgi-bin/lswsgi_wrapper: line 6: /home/rudhamla/virtualenv/nr/3.6/bin/set_env_vars.py: No such file or directory
/usr/local/lsws/fcgi-bin/lswsgi_wrapper: line 6: /home/rudhamla/virtualenv/nr/3.6/bin/set_env_vars.py: No such file or directory
/usr/local/lsws/fcgi-bin/lswsgi_wrapper: line 6: /home/rudhamla/virtualenv/nr/3.6/bin/set_env_vars.py: No such file or directory
/usr/local/lsws/fcgi-bin/lswsgi_wrapper: line 6: /home/rudhamla/virtualenv/nr/3.6/bin/set_env_vars.py: No such file or directory
/usr/local/lsws/fcgi-bin/lswsgi_wrapper: line 6: /home/rudhamla/virtualenv/nr/3.6/bin/set_env_vars.py: No such file or directory
/usr/local/lsws/fcgi-bin/lswsgi_wrapper: line 6: /home/rudhamla/virtualenv/nr/3.6/bin/set_env_vars.py: No such file or directory
/usr/local/lsws/fcgi-bin/lswsgi_wrapper: line 6: /home/rudhamla/virtualenv/nr/3.6/bin/set_env_vars.py: No such file or directory
/usr/local/lsws/fcgi-bin/lswsgi_wrapper: line 6: /home/rudhamla/virtualenv/nr/3.6/bin/set_env_vars.py: No such file or directory
/usr/local/lsws/fcgi-bin/lswsgi_wrapper: line 6: /home/rudhamla/virtualenv/nr/3.6/bin/set_env_vars.py: No such file or directory
/usr/local/lsws/fcgi-bin/lswsgi_wrapper: line 6: /home/rudhamla/virtualenv/nr/3.6/bin/set_env_vars.py: No such file or directory
/usr/local/lsws/fcgi-bin/lswsgi_wrapper: line 6: /home/rudhamla/virtualenv/nr/3.6/bin/set_env_vars.py: No such file or directory
/usr/local/lsws/fcgi-bin/lswsgi_wrapper: line 6: /home/rudhamla/virtualenv/nr/3.6/bin/set_env_vars.py: No such file or directory
/usr/local/lsws/fcgi-bin/lswsgi_wrapper: line 6: /home/rudhamla/virtualenv/nr/3.6/bin/set_env_vars.py: No such file or directory
/usr/local/lsws/fcgi-bin/lswsgi_wrapper: line 6: /home/rudhamla/virtualenv/nr/3.6/bin/set_env_vars.py: No such file or directory
/usr/local/lsws/fcgi-bin/lswsgi_wrapper: line 6: /home/rudhamla/virtualenv/nr/3.6/bin/set_env_vars.py: No such file or directory
/usr/local/lsws/fcgi-bin/lswsgi_wrapper: line 6: /home/rudhamla/virtualenv/nr/3.6/bin/set_env_vars.py: No such file or directory
/usr/local/lsws/fcgi-bin/lswsgi_wrapper: line 6: /home/rudhamla/virtualenv/nr/3.6/bin/set_env_vars.py: No such file or directory
/usr/local/lsws/fcgi-bin/lswsgi_wrapper: line 6: /home/rudhamla/virtualenv/nr/3.6/bin/set_env_vars.py: No such file or directory
/usr/local/lsws/fcgi-bin/lswsgi_wrapper: line 6: /home/rudhamla/virtualenv/nr/3.6/bin/set_env_vars.py: No such file or directory
/usr/local/lsws/fcgi-bin/lswsgi_wrapper: line 6: /home/rudhamla/virtualenv/nr/3.6/bin/set_env_vars.py: No such file or directory
/usr/local/lsws/fcgi-bin/lswsgi_wrapper: line 6: /home/rudhamla/virtualenv/nr/3.6/bin/set_env_vars.py: No such file or directory
/usr/local/lsws/fcgi-bin/lswsgi_wrapper: line 6: /home/rudhamla/virtualenv/nr/3.6/bin/set_env_vars.py: No such file or directory
/usr/local/lsws/fcgi-bin/lswsgi_wrapper: line 6: /home/rudhamla/virtualenv/nr/3.6/bin/set_env_vars.py: No such file or directory
/usr/local/lsws/fcgi-bin/lswsgi_wrapper: line 6: /home/rudhamla/virtualenv/nr/3.6/bin/set_env_vars.py: No such file or directory
/usr/local/lsws/fcgi-bin/lswsgi_wrapper: line 6: /home/rudhamla/virtualenv/nr/3.6/bin/set_env_vars.py: No such file or directory
/usr/local/lsws/fcgi-bin/lswsgi_wrapper: line 6: /home/rudhamla/virtualenv/nr/3.6/bin/set_env_vars.py: No such file or directory
/usr/local/lsws/fcgi-bin/lswsgi_wrapper: line 6: /home/rudhamla/virtualenv/nr/3.6/bin/set_env_vars.py: No such file or directory
/usr/local/lsws/fcgi-bin/lswsgi_wrapper: line 6: /home/rudhamla/virtualenv/nr/3.6/bin/set_env_vars.py: No such file or directory
/usr/local/lsws/fcgi-bin/lswsgi_wrapper: line 6: /home/rudhamla/virtualenv/nr/3.6/bin/set_env_vars.py: No such file or directory
/usr/local/lsws/fcgi-bin/lswsgi_wrapper: line 6: /home/rudhamla/virtualenv/nr/3.6/bin/set_env_vars.py: No such file or directory
/usr/local/lsws/fcgi-bin/lswsgi_wrapper: line 6: /home/rudhamla/virtualenv/nr/3.6/bin/set_env_vars.py: No such file or directory
/usr/local/lsws/fcgi-bin/lswsgi_wrapper: line 6: /home/rudhamla/virtualenv/nr/3.6/bin/set_env_vars.py: No such file or directory
/usr/local/lsws/fcgi-bin/lswsgi_wrapper: line 6: /home/rudhamla/virtualenv/nr/3.6/bin/set_env_vars.py: No such file or directory
/usr/local/lsws/fcgi-bin/lswsgi_wrapper: line 6: /home/rudhamla/virtualenv/nr/3.6/bin/set_env_vars.py: No such file or directory
/usr/local/lsws/fcgi-bin/lswsgi_wrapper: line 6: /home/rudhamla/virtualenv/nr/3.6/bin/set_env_vars.py: No such file or directory
/usr/local/lsws/fcgi-bin/lswsgi_wrapper: line 6: /home/rudhamla/virtualenv/nr/3.6/bin/set_env_vars.py: No such file or directory
/usr/local/lsws/fcgi-bin/lswsgi_wrapper: line 6: /home/rudhamla/virtualenv/nr/3.6/bin/set_env_vars.py: No such file or directory
/usr/local/lsws/fcgi-bin/lswsgi_wrapper: line 6: /home/rudhamla/virtualenv/nr/3.6/bin/set_env_vars.py: No such file or directory
/usr/local/lsws/fcgi-bin/lswsgi_wrapper: line 6: /home/rudhamla/virtualenv/nr/3.6/bin/set_env_vars.py: No such file or directory
/usr/local/lsws/fcgi-bin/lswsgi_wrapper: line 6: /home/rudhamla/virtualenv/nr/3.6/bin/set_env_vars.py: No such file or directory
/usr/local/lsws/fcgi-bin/lswsgi_wrapper: line 6: /home/rudhamla/virtualenv/nr/3.6/bin/set_env_vars.py: No such file or directory
/usr/local/lsws/fcgi-bin/lswsgi_wrapper: line 6: /home/rudhamla/virtualenv/nr/3.6/bin/set_env_vars.py: No such file or directory
/usr/local/lsws/fcgi-bin/lswsgi_wrapper: line 6: /home/rudhamla/virtualenv/nr/3.6/bin/set_env_vars.py: No such file or directory
/usr/local/lsws/fcgi-bin/lswsgi_wrapper: line 6: /home/rudhamla/virtualenv/nr/3.6/bin/set_env_vars.py: No such file or directory
/usr/local/lsws/fcgi-bin/lswsgi_wrapper: line 6: /home/rudhamla/virtualenv/nr/3.6/bin/set_env_vars.py: No such file or directory
/usr/local/lsws/fcgi-bin/lswsgi_wrapper: line 6: /home/rudhamla/virtualenv/nr/3.6/bin/set_env_vars.py: No such file or directory
/usr/local/lsws/fcgi-bin/lswsgi_wrapper: line 6: /home/rudhamla/virtualenv/nr/3.6/bin/set_env_vars.py: No such file or directory
/usr/local/lsws/fcgi-bin/lswsgi_wrapper: line 6: /home/rudhamla/virtualenv/nr/3.6/bin/set_env_vars.py: No such file or directory
/usr/local/lsws/fcgi-bin/lswsgi_wrapper: line 6: /home/rudhamla/virtualenv/nr/3.6/bin/set_env_vars.py: No such file or directory
/usr/local/lsws/fcgi-bin/lswsgi_wrapper: line 6: /home/rudhamla/virtualenv/nr/3.6/bin/set_env_vars.py: No such file or directory
/usr/local/lsws/fcgi-bin/lswsgi_wrapper: line 6: /home/rudhamla/virtualenv/nr/3.6/bin/set_env_vars.py: No such file or directory
/usr/local/lsws/fcgi-bin/lswsgi_wrapper: line 6: /home/rudhamla/virtualenv/nr/3.6/bin/set_env_vars.py: No such file or directory
/usr/local/lsws/fcgi-bin/lswsgi_wrapper: line 6: /home/rudhamla/virtualenv/nr/3.6/bin/set_env_vars.py: No such file or directory
/usr/local/lsws/fcgi-bin/lswsgi_wrapper: line 6: /home/rudhamla/virtualenv/nr/3.6/bin/set_env_vars.py: No such file or directory
/usr/local/lsws/fcgi-bin/lswsgi_wrapper: line 6: /home/rudhamla/virtualenv/nr/3.6/bin/set_env_vars.py: No such file or directory
/usr/local/lsws/fcgi-bin/lswsgi_wrapper: line 6: /home/rudhamla/virtualenv/nr/3.6/bin/set_env_vars.py: No such file or directory
/usr/local/lsws/fcgi-bin/lswsgi_wrapper: line 6: /home/rudhamla/virtualenv/nr/3.6/bin/set_env_vars.py: No such file or directory
/usr/local/lsws/fcgi-bin/lswsgi_wrapper: line 6: /home/rudhamla/virtualenv/nr/3.6/bin/set_env_vars.py: No such file or directory
/usr/local/lsws/fcgi-bin/lswsgi_wrapper: line 6: /home/rudhamla/virtualenv/nr/3.6/bin/set_env_vars.py: No such file or directory
/usr/local/lsws/fcgi-bin/lswsgi_wrapper: line 6: /home/rudhamla/virtualenv/nr/3.6/bin/set_env_vars.py: No such file or directory
/usr/local/lsws/fcgi-bin/lswsgi_wrapper: line 6: /home/rudhamla/virtualenv/nr/3.6/bin/set_env_vars.py: No such file or directory
/usr/local/lsws/fcgi-bin/lswsgi_wrapper: line 6: /home/rudhamla/virtualenv/nr/3.6/bin/set_env_vars.py: No such file or directory
/usr/local/lsws/fcgi-bin/lswsgi_wrapper: line 6: /home/rudhamla/virtualenv/nr/3.6/bin/set_env_vars.py: No such file or directory
/usr/local/lsws/fcgi-bin/lswsgi_wrapper: line 6: /home/rudhamla/virtualenv/nr/3.6/bin/set_env_vars.py: No such file or directory
/usr/local/lsws/fcgi-bin/lswsgi_wrapper: line 6: /home/rudhamla/virtualenv/nr/3.6/bin/set_env_vars.py: No such file or directory
/usr/local/lsws/fcgi-bin/lswsgi_wrapper: line 6: /home/rudhamla/virtualenv/nr/3.6/bin/set_env_vars.py: No such file or directory
/usr/local/lsws/fcgi-bin/lswsgi_wrapper: line 6: /home/rudhamla/virtualenv/nr/3.6/bin/set_env_vars.py: No such file or directory
/usr/local/lsws/fcgi-bin/lswsgi_wrapper: line 6: /home/rudhamla/virtualenv/nr/3.6/bin/set_env_vars.py: No such file or directory
/usr/local/lsws/fcgi-bin/lswsgi_wrapper: line 6: /home/rudhamla/virtualenv/nr/3.6/bin/set_env_vars.py: No such file or directory
/usr/local/lsws/fcgi-bin/lswsgi_wrapper: line 6: /home/rudhamla/virtualenv/nr/3.6/bin/set_env_vars.py: No such file or directory
/usr/local/lsws/fcgi-bin/lswsgi_wrapper: line 6: /home/rudhamla/virtualenv/nr/3.6/bin/set_env_vars.py: No such file or directory
/usr/local/lsws/fcgi-bin/lswsgi_wrapper: line 6: /home/rudhamla/virtualenv/nr/3.6/bin/set_env_vars.py: No such file or directory
/usr/local/lsws/fcgi-bin/lswsgi_wrapper: line 6: /home/rudhamla/virtualenv/nr/3.6/bin/set_env_vars.py: No such file or directory
/usr/local/lsws/fcgi-bin/lswsgi_wrapper: line 6: /home/rudhamla/virtualenv/nr/3.6/bin/set_env_vars.py: No such file or directory
/usr/local/lsws/fcgi-bin/lswsgi_wrapper: line 6: /home/rudhamla/virtualenv/nr/3.6/bin/set_env_vars.py: No such file or directory
/usr/local/lsws/fcgi-bin/lswsgi_wrapper: line 6: /home/rudhamla/virtualenv/nr/3.6/bin/set_env_vars.py: No such file or directory
/usr/local/lsws/fcgi-bin/lswsgi_wrapper: line 6: /home/rudhamla/virtualenv/nr/3.6/bin/set_env_vars.py: No such file or directory
/usr/local/lsws/fcgi-bin/lswsgi_wrapper: line 6: /home/rudhamla/virtualenv/nr/3.6/bin/set_env_vars.py: No such file or directory
/usr/local/lsws/fcgi-bin/lswsgi_wrapper: line 6: /home/rudhamla/virtualenv/nr/3.6/bin/set_env_vars.py: No such file or directory
/usr/local/lsws/fcgi-bin/lswsgi_wrapper: line 6: /home/rudhamla/virtualenv/nr/3.6/bin/set_env_vars.py: No such file or directory
/usr/local/lsws/fcgi-bin/lswsgi_wrapper: line 6: /home/rudhamla/virtualenv/nr/3.6/bin/set_env_vars.py: No such file or directory
/usr/local/lsws/fcgi-bin/lswsgi_wrapper: line 6: /home/rudhamla/virtualenv/nr/3.6/bin/set_env_vars.py: No such file or directory
/usr/local/lsws/fcgi-bin/lswsgi_wrapper: line 6: /home/rudhamla/virtualenv/nr/3.6/bin/set_env_vars.py: No such file or directory
/usr/local/lsws/fcgi-bin/lswsgi_wrapper: line 6: /home/rudhamla/virtualenv/nr/3.6/bin/set_env_vars.py: No such file or directory
/usr/local/lsws/fcgi-bin/lswsgi_wrapper: line 6: /home/rudhamla/virtualenv/nr/3.6/bin/set_env_vars.py: No such file or directory
/usr/local/lsws/fcgi-bin/lswsgi_wrapper: line 6: /home/rudhamla/virtualenv/nr/3.6/bin/set_env_vars.py: No such file or directory
/usr/local/lsws/fcgi-bin/lswsgi_wrapper: line 6: /home/rudhamla/virtualenv/nr/3.6/bin/set_env_vars.py: No such file or directory
/usr/local/lsws/fcgi-bin/lswsgi_wrapper: line 6: /home/rudhamla/virtualenv/nr/3.6/bin/set_env_vars.py: No such file or directory
/usr/local/lsws/fcgi-bin/lswsgi_wrapper: line 6: /home/rudhamla/virtualenv/nr/3.6/bin/set_env_vars.py: No such file or directory
/usr/local/lsws/fcgi-bin/lswsgi_wrapper: line 6: /home/rudhamla/virtualenv/nr/3.6/bin/set_env_vars.py: No such file or directory
/usr/local/lsws/fcgi-bin/lswsgi_wrapper: line 6: /home/rudhamla/virtualenv/nr/3.6/bin/set_env_vars.py: No such file or directory
/usr/local/lsws/fcgi-bin/lswsgi_wrapper: line 6: /home/rudhamla/virtualenv/nr/3.6/bin/set_env_vars.py: No such file or directory
/usr/local/lsws/fcgi-bin/lswsgi_wrapper: line 6: /home/rudhamla/virtualenv/nr/3.6/bin/set_env_vars.py: No such file or directory
/usr/local/lsws/fcgi-bin/lswsgi_wrapper: line 6: /home/rudhamla/virtualenv/nr/3.6/bin/set_env_vars.py: No such file or directory
/usr/local/lsws/fcgi-bin/lswsgi_wrapper: line 6: /home/rudhamla/virtualenv/nr/3.6/bin/set_env_vars.py: No such file or directory
/usr/local/lsws/fcgi-bin/lswsgi_wrapper: line 6: /home/rudhamla/virtualenv/nr/3.6/bin/set_env_vars.py: No such file or directory
/usr/local/lsws/fcgi-bin/lswsgi_wrapper: line 6: /home/rudhamla/virtualenv/nr/3.6/bin/set_env_vars.py: No such file or directory
/usr/local/lsws/fcgi-bin/lswsgi_wrapper: line 6: /home/rudhamla/virtualenv/nr/3.6/bin/set_env_vars.py: No such file or directory
/usr/local/lsws/fcgi-bin/lswsgi_wrapper: line 6: /home/rudhamla/virtualenv/nr/3.6/bin/set_env_vars.py: No such file or directory
/usr/local/lsws/fcgi-bin/lswsgi_wrapper: line 6: /home/rudhamla/virtualenv/nr/3.6/bin/set_env_vars.py: No such file or directory
/usr/local/lsws/fcgi-bin/lswsgi_wrapper: line 6: /home/rudhamla/virtualenv/nr/3.6/bin/set_env_vars.py: No such file or directory
/usr/local/lsws/fcgi-bin/lswsgi_wrapper: line 6: /home/rudhamla/virtualenv/nr/3.6/bin/set_env_vars.py: No such file or directory
/usr/local/lsws/fcgi-bin/lswsgi_wrapper: line 6: /home/rudhamla/virtualenv/nr/3.6/bin/set_env_vars.py: No such file or directory
/usr/local/lsws/fcgi-bin/lswsgi_wrapper: line 6: /home/rudhamla/virtualenv/nr/3.6/bin/set_env_vars.py: No such file or directory
/usr/local/lsws/fcgi-bin/lswsgi_wrapper: line 6: /home/rudhamla/virtualenv/nr/3.6/bin/set_env_vars.py: No such file or directory
/usr/local/lsws/fcgi-bin/lswsgi_wrapper: line 6: /home/rudhamla/virtualenv/nr/3.6/bin/set_env_vars.py: No such file or directory
/usr/local/lsws/fcgi-bin/lswsgi_wrapper: line 6: /home/rudhamla/virtualenv/nr/3.6/bin/set_env_vars.py: No such file or directory
/usr/local/lsws/fcgi-bin/lswsgi_wrapper: line 6: /home/rudhamla/virtualenv/nr/3.6/bin/set_env_vars.py: No such file or directory
/usr/local/lsws/fcgi-bin/lswsgi_wrapper: line 6: /home/rudhamla/virtualenv/nr/3.6/bin/set_env_vars.py: No such file or directory
/usr/local/lsws/fcgi-bin/lswsgi_wrapper: line 6: /home/rudhamla/virtualenv/nr/3.6/bin/set_env_vars.py: No such file or directory
/usr/local/lsws/fcgi-bin/lswsgi_wrapper: line 6: /home/rudhamla/virtualenv/nr/3.6/bin/set_env_vars.py: No such file or directory
/usr/local/lsws/fcgi-bin/lswsgi_wrapper: line 6: /home/rudhamla/virtualenv/nr/3.6/bin/set_env_vars.py: No such file or directory
/usr/local/lsws/fcgi-bin/lswsgi_wrapper: line 6: /home/rudhamla/virtualenv/nr/3.6/bin/set_env_vars.py: No such file or directory
/usr/local/lsws/fcgi-bin/lswsgi_wrapper: line 6: /home/rudhamla/virtualenv/nr/3.6/bin/set_env_vars.py: No such file or directory
/usr/local/lsws/fcgi-bin/lswsgi_wrapper: line 6: /home/rudhamla/virtualenv/nr/3.6/bin/set_env_vars.py: No such file or directory
/usr/local/lsws/fcgi-bin/lswsgi_wrapper: line 6: /home/rudhamla/virtualenv/nr/3.6/bin/set_env_vars.py: No such file or directory
/usr/local/lsws/fcgi-bin/lswsgi_wrapper: line 6: /home/rudhamla/virtualenv/nr/3.6/bin/set_env_vars.py: No such file or directory
/usr/local/lsws/fcgi-bin/lswsgi_wrapper: line 6: /home/rudhamla/virtualenv/nr/3.6/bin/set_env_vars.py: No such file or directory
/usr/local/lsws/fcgi-bin/lswsgi_wrapper: line 6: /home/rudhamla/virtualenv/nr/3.6/bin/set_env_vars.py: No such file or directory
/usr/local/lsws/fcgi-bin/lswsgi_wrapper: line 6: /home/rudhamla/virtualenv/nr/3.6/bin/set_env_vars.py: No such file or directory
/usr/local/lsws/fcgi-bin/lswsgi_wrapper: line 6: /home/rudhamla/virtualenv/nr/3.6/bin/set_env_vars.py: No such file or directory
/usr/local/lsws/fcgi-bin/lswsgi_wrapper: line 6: /home/rudhamla/virtualenv/nr/3.6/bin/set_env_vars.py: No such file or directory
/usr/local/lsws/fcgi-bin/lswsgi_wrapper: line 6: /home/rudhamla/virtualenv/nr/3.6/bin/set_env_vars.py: No such file or directory
/usr/local/lsws/fcgi-bin/lswsgi_wrapper: line 6: /home/rudhamla/virtualenv/nr/3.6/bin/set_env_vars.py: No such file or directory
/usr/local/lsws/fcgi-bin/lswsgi_wrapper: line 6: /home/rudhamla/virtualenv/nr/3.6/bin/set_env_vars.py: No such file or directory
/usr/local/lsws/fcgi-bin/lswsgi_wrapper: line 6: /home/rudhamla/virtualenv/nr/3.6/bin/set_env_vars.py: No such file or directory
/usr/local/lsws/fcgi-bin/lswsgi_wrapper: line 6: /home/rudhamla/virtualenv/nr/3.6/bin/set_env_vars.py: No such file or directory
/usr/local/lsws/fcgi-bin/lswsgi_wrapper: line 6: /home/rudhamla/virtualenv/nr/3.6/bin/set_env_vars.py: No such file or directory
/usr/local/lsws/fcgi-bin/lswsgi_wrapper: line 6: /home/rudhamla/virtualenv/nr/3.6/bin/set_env_vars.py: No such file or directory
/usr/local/lsws/fcgi-bin/lswsgi_wrapper: line 6: /home/rudhamla/virtualenv/nr/3.6/bin/set_env_vars.py: No such file or directory
/usr/local/lsws/fcgi-bin/lswsgi_wrapper: line 6: /home/rudhamla/virtualenv/nr/3.6/bin/set_env_vars.py: No such file or directory
/usr/local/lsws/fcgi-bin/lswsgi_wrapper: line 6: /home/rudhamla/virtualenv/nr/3.6/bin/set_env_vars.py: No such file or directory
/usr/local/lsws/fcgi-bin/lswsgi_wrapper: line 6: /home/rudhamla/virtualenv/nr/3.6/bin/set_env_vars.py: No such file or directory
/usr/local/lsws/fcgi-bin/lswsgi_wrapper: line 6: /home/rudhamla/virtualenv/nr/3.6/bin/set_env_vars.py: No such file or directory
/usr/local/lsws/fcgi-bin/lswsgi_wrapper: line 6: /home/rudhamla/virtualenv/nr/3.6/bin/set_env_vars.py: No such file or directory
/usr/local/lsws/fcgi-bin/lswsgi_wrapper: line 6: /home/rudhamla/virtualenv/nr/3.6/bin/set_env_vars.py: No such file or directory
/usr/local/lsws/fcgi-bin/lswsgi_wrapper: line 6: /home/rudhamla/virtualenv/nr/3.6/bin/set_env_vars.py: No such file or directory
/usr/local/lsws/fcgi-bin/lswsgi_wrapper: line 6: /home/rudhamla/virtualenv/nr/3.6/bin/set_env_vars.py: No such file or directory
/usr/local/lsws/fcgi-bin/lswsgi_wrapper: line 6: /home/rudhamla/virtualenv/nr/3.6/bin/set_env_vars.py: No such file or directory
/usr/local/lsws/fcgi-bin/lswsgi_wrapper: line 6: /home/rudhamla/virtualenv/nr/3.6/bin/set_env_vars.py: No such file or directory
/usr/local/lsws/fcgi-bin/lswsgi_wrapper: line 6: /home/rudhamla/virtualenv/nr/3.6/bin/set_env_vars.py: No such file or directory
/usr/local/lsws/fcgi-bin/lswsgi_wrapper: line 6: /home/rudhamla/virtualenv/nr/3.6/bin/set_env_vars.py: No such file or directory
/usr/local/lsws/fcgi-bin/lswsgi_wrapper: line 6: /home/rudhamla/virtualenv/nr/3.6/bin/set_env_vars.py: No such file or directory
/usr/local/lsws/fcgi-bin/lswsgi_wrapper: line 6: /home/rudhamla/virtualenv/nr/3.6/bin/set_env_vars.py: No such file or directory
/usr/local/lsws/fcgi-bin/lswsgi_wrapper: line 6: /home/rudhamla/virtualenv/nr/3.6/bin/set_env_vars.py: No such file or directory
/usr/local/lsws/fcgi-bin/lswsgi_wrapper: line 6: /home/rudhamla/virtualenv/nr/3.6/bin/set_env_vars.py: No such file or directory
/usr/local/lsws/fcgi-bin/lswsgi_wrapper: line 6: /home/rudhamla/virtualenv/nr/3.6/bin/set_env_vars.py: No such file or directory
/usr/local/lsws/fcgi-bin/lswsgi_wrapper: line 6: /home/rudhamla/virtualenv/nr/3.6/bin/set_env_vars.py: No such file or directory
/usr/local/lsws/fcgi-bin/lswsgi_wrapper: line 6: /home/rudhamla/virtualenv/nr/3.6/bin/set_env_vars.py: No such file or directory
/usr/local/lsws/fcgi-bin/lswsgi_wrapper: line 6: /home/rudhamla/virtualenv/nr/3.6/bin/set_env_vars.py: No such file or directory
/usr/local/lsws/fcgi-bin/lswsgi_wrapper: line 6: /home/rudhamla/virtualenv/nr/3.6/bin/set_env_vars.py: No such file or directory
/usr/local/lsws/fcgi-bin/lswsgi_wrapper: line 6: /home/rudhamla/virtualenv/nr/3.6/bin/set_env_vars.py: No such file or directory
/usr/local/lsws/fcgi-bin/lswsgi_wrapper: line 6: /home/rudhamla/virtualenv/nr/3.6/bin/set_env_vars.py: No such file or directory
/usr/local/lsws/fcgi-bin/lswsgi_wrapper: line 6: /home/rudhamla/virtualenv/nr/3.6/bin/set_env_vars.py: No such file or directory
/usr/local/lsws/fcgi-bin/lswsgi_wrapper: line 6: /home/rudhamla/virtualenv/nr/3.6/bin/set_env_vars.py: No such file or directory
/usr/local/lsws/fcgi-bin/lswsgi_wrapper: line 6: /home/rudhamla/virtualenv/nr/3.6/bin/set_env_vars.py: No such file or directory
/usr/local/lsws/fcgi-bin/lswsgi_wrapper: line 6: /home/rudhamla/virtualenv/nr/3.6/bin/set_env_vars.py: No such file or directory
/usr/local/lsws/fcgi-bin/lswsgi_wrapper: line 6: /home/rudhamla/virtualenv/nr/3.6/bin/set_env_vars.py: No such file or directory
/usr/local/lsws/fcgi-bin/lswsgi_wrapper: line 6: /home/rudhamla/virtualenv/nr/3.6/bin/set_env_vars.py: No such file or directory
/usr/local/lsws/fcgi-bin/lswsgi_wrapper: line 6: /home/rudhamla/virtualenv/nr/3.6/bin/set_env_vars.py: No such file or directory
/usr/local/lsws/fcgi-bin/lswsgi_wrapper: line 6: /home/rudhamla/virtualenv/nr/3.6/bin/set_env_vars.py: No such file or directory
/usr/local/lsws/fcgi-bin/lswsgi_wrapper: line 6: /home/rudhamla/virtualenv/nr/3.6/bin/set_env_vars.py: No such file or directory
/usr/local/lsws/fcgi-bin/lswsgi_wrapper: line 6: /home/rudhamla/virtualenv/nr/3.6/bin/set_env_vars.py: No such file or directory
/usr/local/lsws/fcgi-bin/lswsgi_wrapper: line 6: /home/rudhamla/virtualenv/nr/3.6/bin/set_env_vars.py: No such file or directory
/usr/local/lsws/fcgi-bin/lswsgi_wrapper: line 6: /home/rudhamla/virtualenv/nr/3.6/bin/set_env_vars.py: No such file or directory
/usr/local/lsws/fcgi-bin/lswsgi_wrapper: line 6: /home/rudhamla/virtualenv/nr/3.6/bin/set_env_vars.py: No such file or directory
/usr/local/lsws/fcgi-bin/lswsgi_wrapper: line 6: /home/rudhamla/virtualenv/nr/3.6/bin/set_env_vars.py: No such file or directory
/usr/local/lsws/fcgi-bin/lswsgi_wrapper: line 6: /home/rudhamla/virtualenv/nr/3.6/bin/set_env_vars.py: No such file or directory
/usr/local/lsws/fcgi-bin/lswsgi_wrapper: line 6: /home/rudhamla/virtualenv/nr/3.6/bin/set_env_vars.py: No such file or directory
/usr/local/lsws/fcgi-bin/lswsgi_wrapper: line 6: /home/rudhamla/virtualenv/nr/3.6/bin/set_env_vars.py: No such file or directory
/usr/local/lsws/fcgi-bin/lswsgi_wrapper: line 6: /home/rudhamla/virtualenv/nr/3.6/bin/set_env_vars.py: No such file or directory
/usr/local/lsws/fcgi-bin/lswsgi_wrapper: line 6: /home/rudhamla/virtualenv/nr/3.6/bin/set_env_vars.py: No such file or directory
/usr/local/lsws/fcgi-bin/lswsgi_wrapper: line 6: /home/rudhamla/virtualenv/nr/3.6/bin/set_env_vars.py: No such file or directory
/usr/local/lsws/fcgi-bin/lswsgi_wrapper: line 6: /home/rudhamla/virtualenv/nr/3.6/bin/set_env_vars.py: No such file or directory
/usr/local/lsws/fcgi-bin/lswsgi_wrapper: line 6: /home/rudhamla/virtualenv/nr/3.6/bin/set_env_vars.py: No such file or directory
/usr/local/lsws/fcgi-bin/lswsgi_wrapper: line 6: /home/rudhamla/virtualenv/nr/3.6/bin/set_env_vars.py: No such file or directory
/usr/local/lsws/fcgi-bin/lswsgi_wrapper: line 6: /home/rudhamla/virtualenv/nr/3.6/bin/set_env_vars.py: No such file or directory
/usr/local/lsws/fcgi-bin/lswsgi_wrapper: line 6: /home/rudhamla/virtualenv/nr/3.6/bin/set_env_vars.py: No such file or directory
/usr/local/lsws/fcgi-bin/lswsgi_wrapper: line 6: /home/rudhamla/virtualenv/nr/3.6/bin/set_env_vars.py: No such file or directory
/usr/local/lsws/fcgi-bin/lswsgi_wrapper: line 6: /home/rudhamla/virtualenv/nr/3.6/bin/set_env_vars.py: No such file or directory
/usr/local/lsws/fcgi-bin/lswsgi_wrapper: line 6: /home/rudhamla/virtualenv/nr/3.6/bin/set_env_vars.py: No such file or directory
/usr/local/lsws/fcgi-bin/lswsgi_wrapper: line 6: /home/rudhamla/virtualenv/nr/3.6/bin/set_env_vars.py: No such file or directory
/usr/local/lsws/fcgi-bin/lswsgi_wrapper: line 6: /home/rudhamla/virtualenv/nr/3.6/bin/set_env_vars.py: No such file or directory
/usr/local/lsws/fcgi-bin/lswsgi_wrapper: line 6: /home/rudhamla/virtualenv/nr/3.6/bin/set_env_vars.py: No such file or directory
/usr/local/lsws/fcgi-bin/lswsgi_wrapper: line 6: /home/rudhamla/virtualenv/nr/3.6/bin/set_env_vars.py: No such file or directory
/usr/local/lsws/fcgi-bin/lswsgi_wrapper: line 6: /home/rudhamla/virtualenv/nr/3.6/bin/set_env_vars.py: No such file or directory
/usr/local/lsws/fcgi-bin/lswsgi_wrapper: line 6: /home/rudhamla/virtualenv/nr/3.6/bin/set_env_vars.py: No such file or directory
/usr/local/lsws/fcgi-bin/lswsgi_wrapper: line 6: /home/rudhamla/virtualenv/nr/3.6/bin/set_env_vars.py: No such file or directory
/usr/local/lsws/fcgi-bin/lswsgi_wrapper: line 6: /home/rudhamla/virtualenv/nr/3.6/bin/set_env_vars.py: No such file or directory
/usr/local/lsws/fcgi-bin/lswsgi_wrapper: line 6: /home/rudhamla/virtualenv/nr/3.6/bin/set_env_vars.py: No such file or directory
/usr/local/lsws/fcgi-bin/lswsgi_wrapper: line 6: /home/rudhamla/virtualenv/nr/3.6/bin/set_env_vars.py: No such file or directory
/usr/local/lsws/fcgi-bin/lswsgi_wrapper: line 6: /home/rudhamla/virtualenv/nr/3.6/bin/set_env_vars.py: No such file or directory
/usr/local/lsws/fcgi-bin/lswsgi_wrapper: line 6: /home/rudhamla/virtualenv/nr/3.6/bin/set_env_vars.py: No such file or directory
/usr/local/lsws/fcgi-bin/lswsgi_wrapper: line 6: /home/rudhamla/virtualenv/nr/3.6/bin/set_env_vars.py: No such file or directory
/usr/local/lsws/fcgi-bin/lswsgi_wrapper: line 6: /home/rudhamla/virtualenv/nr/3.6/bin/set_env_vars.py: No such file or directory
/usr/local/lsws/fcgi-bin/lswsgi_wrapper: line 6: /home/rudhamla/virtualenv/nr/3.6/bin/set_env_vars.py: No such file or directory
/usr/local/lsws/fcgi-bin/lswsgi_wrapper: line 6: /home/rudhamla/virtualenv/nr/3.6/bin/set_env_vars.py: No such file or directory
/usr/local/lsws/fcgi-bin/lswsgi_wrapper: line 6: /home/rudhamla/virtualenv/nr/3.6/bin/set_env_vars.py: No such file or directory
/usr/local/lsws/fcgi-bin/lswsgi_wrapper: line 6: /home/rudhamla/virtualenv/nr/3.6/bin/set_env_vars.py: No such file or directory
/usr/local/lsws/fcgi-bin/lswsgi_wrapper: line 6: /home/rudhamla/virtualenv/nr/3.6/bin/set_env_vars.py: No such file or directory
/usr/local/lsws/fcgi-bin/lswsgi_wrapper: line 6: /home/rudhamla/virtualenv/nr/3.6/bin/set_env_vars.py: No such file or directory
/usr/local/lsws/fcgi-bin/lswsgi_wrapper: line 6: /home/rudhamla/virtualenv/nr/3.6/bin/set_env_vars.py: No such file or directory
/usr/local/lsws/fcgi-bin/lswsgi_wrapper: line 6: /home/rudhamla/virtualenv/nr/3.6/bin/set_env_vars.py: No such file or directory
/usr/local/lsws/fcgi-bin/lswsgi_wrapper: line 6: /home/rudhamla/virtualenv/nr/3.6/bin/set_env_vars.py: No such file or directory
/usr/local/lsws/fcgi-bin/lswsgi_wrapper: line 6: /home/rudhamla/virtualenv/nr/3.6/bin/set_env_vars.py: No such file or directory
/usr/local/lsws/fcgi-bin/lswsgi_wrapper: line 6: /home/rudhamla/virtualenv/nr/3.6/bin/set_env_vars.py: No such file or directory
/usr/local/lsws/fcgi-bin/lswsgi_wrapper: line 6: /home/rudhamla/virtualenv/nr/3.6/bin/set_env_vars.py: No such file or directory
/usr/local/lsws/fcgi-bin/lswsgi_wrapper: line 6: /home/rudhamla/virtualenv/nr/3.6/bin/set_env_vars.py: No such file or directory
/usr/local/lsws/fcgi-bin/lswsgi_wrapper: line 6: /home/rudhamla/virtualenv/nr/3.6/bin/set_env_vars.py: No such file or directory
/usr/local/lsws/fcgi-bin/lswsgi_wrapper: line 6: /home/rudhamla/virtualenv/nr/3.6/bin/set_env_vars.py: No such file or directory
/usr/local/lsws/fcgi-bin/lswsgi_wrapper: line 6: /home/rudhamla/virtualenv/nr/3.6/bin/set_env_vars.py: No such file or directory
/usr/local/lsws/fcgi-bin/lswsgi_wrapper: line 6: /home/rudhamla/virtualenv/nr/3.6/bin/set_env_vars.py: No such file or directory
/usr/local/lsws/fcgi-bin/lswsgi_wrapper: line 6: /home/rudhamla/virtualenv/nr/3.6/bin/set_env_vars.py: No such file or directory
/usr/local/lsws/fcgi-bin/lswsgi_wrapper: line 6: /home/rudhamla/virtualenv/nr/3.6/bin/set_env_vars.py: No such file or directory
/usr/local/lsws/fcgi-bin/lswsgi_wrapper: line 6: /home/rudhamla/virtualenv/nr/3.6/bin/set_env_vars.py: No such file or directory
/usr/local/lsws/fcgi-bin/lswsgi_wrapper: line 6: /home/rudhamla/virtualenv/nr/3.6/bin/set_env_vars.py: No such file or directory
/usr/local/lsws/fcgi-bin/lswsgi_wrapper: line 6: /home/rudhamla/virtualenv/nr/3.6/bin/set_env_vars.py: No such file or directory
/usr/local/lsws/fcgi-bin/lswsgi_wrapper: line 6: /home/rudhamla/virtualenv/nr/3.6/bin/set_env_vars.py: No such file or directory
/usr/local/lsws/fcgi-bin/lswsgi_wrapper: line 6: /home/rudhamla/virtualenv/nr/3.6/bin/set_env_vars.py: No such file or directory
/usr/local/lsws/fcgi-bin/lswsgi_wrapper: line 6: /home/rudhamla/virtualenv/nr/3.6/bin/set_env_vars.py: No such file or directory
/usr/local/lsws/fcgi-bin/lswsgi_wrapper: line 6: /home/rudhamla/virtualenv/nr/3.6/bin/set_env_vars.py: No such file or directory
/usr/local/lsws/fcgi-bin/lswsgi_wrapper: line 6: /home/rudhamla/virtualenv/nr/3.6/bin/set_env_vars.py: No such file or directory
/usr/local/lsws/fcgi-bin/lswsgi_wrapper: line 6: /home/rudhamla/virtualenv/nr/3.6/bin/set_env_vars.py: No such file or directory
/usr/local/lsws/fcgi-bin/lswsgi_wrapper: line 6: /home/rudhamla/virtualenv/nr/3.6/bin/set_env_vars.py: No such file or directory
/usr/local/lsws/fcgi-bin/lswsgi_wrapper: line 6: /home/rudhamla/virtualenv/nr/3.6/bin/set_env_vars.py: No such file or directory
/usr/local/lsws/fcgi-bin/lswsgi_wrapper: line 6: /home/rudhamla/virtualenv/nr/3.6/bin/set_env_vars.py: No such file or directory
/usr/local/lsws/fcgi-bin/lswsgi_wrapper: line 6: /home/rudhamla/virtualenv/nr/3.6/bin/set_env_vars.py: No such file or directory
/usr/local/lsws/fcgi-bin/lswsgi_wrapper: line 6: /home/rudhamla/virtualenv/nr/3.6/bin/set_env_vars.py: No such file or directory
/usr/local/lsws/fcgi-bin/lswsgi_wrapper: line 6: /home/rudhamla/virtualenv/nr/3.6/bin/set_env_vars.py: No such file or directory
/usr/local/lsws/fcgi-bin/lswsgi_wrapper: line 6: /home/rudhamla/virtualenv/nr/3.6/bin/set_env_vars.py: No such file or directory
/usr/local/lsws/fcgi-bin/lswsgi_wrapper: line 6: /home/rudhamla/virtualenv/nr/3.6/bin/set_env_vars.py: No such file or directory
/usr/local/lsws/fcgi-bin/lswsgi_wrapper: line 6: /home/rudhamla/virtualenv/nr/3.6/bin/set_env_vars.py: No such file or directory
/usr/local/lsws/fcgi-bin/lswsgi_wrapper: line 6: /home/rudhamla/virtualenv/nr/3.6/bin/set_env_vars.py: No such file or directory
/usr/local/lsws/fcgi-bin/lswsgi_wrapper: line 6: /home/rudhamla/virtualenv/nr/3.6/bin/set_env_vars.py: No such file or directory
/usr/local/lsws/fcgi-bin/lswsgi_wrapper: line 6: /home/rudhamla/virtualenv/nr/3.6/bin/set_env_vars.py: No such file or directory
/usr/local/lsws/fcgi-bin/lswsgi_wrapper: line 6: /home/rudhamla/virtualenv/nr/3.6/bin/set_env_vars.py: No such file or directory
/usr/local/lsws/fcgi-bin/lswsgi_wrapper: line 6: /home/rudhamla/virtualenv/nr/3.6/bin/set_env_vars.py: No such file or directory
/usr/local/lsws/fcgi-bin/lswsgi_wrapper: line 6: /home/rudhamla/virtualenv/nr/3.6/bin/set_env_vars.py: No such file or directory
/usr/local/lsws/fcgi-bin/lswsgi_wrapper: line 6: /home/rudhamla/virtualenv/nr/3.6/bin/set_env_vars.py: No such file or directory
/usr/local/lsws/fcgi-bin/lswsgi_wrapper: line 6: /home/rudhamla/virtualenv/nr/3.6/bin/set_env_vars.py: No such file or directory
/usr/local/lsws/fcgi-bin/lswsgi_wrapper: line 6: /home/rudhamla/virtualenv/nr/3.6/bin/set_env_vars.py: No such file or directory
/usr/local/lsws/fcgi-bin/lswsgi_wrapper: line 6: /home/rudhamla/virtualenv/nr/3.6/bin/set_env_vars.py: No such file or directory
/usr/local/lsws/fcgi-bin/lswsgi_wrapper: line 6: /home/rudhamla/virtualenv/nr/3.6/bin/set_env_vars.py: No such file or directory
/usr/local/lsws/fcgi-bin/lswsgi_wrapper: line 6: /home/rudhamla/virtualenv/nr/3.6/bin/set_env_vars.py: No such file or directory
/usr/local/lsws/fcgi-bin/lswsgi_wrapper: line 6: /home/rudhamla/virtualenv/nr/3.6/bin/set_env_vars.py: No such file or directory
/usr/local/lsws/fcgi-bin/lswsgi_wrapper: line 6: /home/rudhamla/virtualenv/nr/3.6/bin/set_env_vars.py: No such file or directory
/usr/local/lsws/fcgi-bin/lswsgi_wrapper: line 6: /home/rudhamla/virtualenv/nr/3.6/bin/set_env_vars.py: No such file or directory
/usr/local/lsws/fcgi-bin/lswsgi_wrapper: line 6: /home/rudhamla/virtualenv/nr/3.6/bin/set_env_vars.py: No such file or directory
/usr/local/lsws/fcgi-bin/lswsgi_wrapper: line 6: /home/rudhamla/virtualenv/nr/3.6/bin/set_env_vars.py: No such file or directory
/usr/local/lsws/fcgi-bin/lswsgi_wrapper: line 6: /home/rudhamla/virtualenv/nr/3.6/bin/set_env_vars.py: No such file or directory
/usr/local/lsws/fcgi-bin/lswsgi_wrapper: line 6: /home/rudhamla/virtualenv/nr/3.6/bin/set_env_vars.py: No such file or directory
/usr/local/lsws/fcgi-bin/lswsgi_wrapper: line 6: /home/rudhamla/virtualenv/nr/3.6/bin/set_env_vars.py: No such file or directory
/usr/local/lsws/fcgi-bin/lswsgi_wrapper: line 6: /home/rudhamla/virtualenv/nr/3.6/bin/set_env_vars.py: No such file or directory
/usr/local/lsws/fcgi-bin/lswsgi_wrapper: line 6: /home/rudhamla/virtualenv/nr/3.6/bin/set_env_vars.py: No such file or directory
/usr/local/lsws/fcgi-bin/lswsgi_wrapper: line 6: /home/rudhamla/virtualenv/nr/3.6/bin/set_env_vars.py: No such file or directory
/usr/local/lsws/fcgi-bin/lswsgi_wrapper: line 6: /home/rudhamla/virtualenv/nr/3.6/bin/set_env_vars.py: No such file or directory
/usr/local/lsws/fcgi-bin/lswsgi_wrapper: line 6: /home/rudhamla/virtualenv/nr/3.6/bin/set_env_vars.py: No such file or directory
/usr/local/lsws/fcgi-bin/lswsgi_wrapper: line 6: /home/rudhamla/virtualenv/nr/3.6/bin/set_env_vars.py: No such file or directory
/usr/local/lsws/fcgi-bin/lswsgi_wrapper: line 6: /home/rudhamla/virtualenv/nr/3.6/bin/set_env_vars.py: No such file or directory
/usr/local/lsws/fcgi-bin/lswsgi_wrapper: line 6: /home/rudhamla/virtualenv/nr/3.6/bin/set_env_vars.py: No such file or directory
/usr/local/lsws/fcgi-bin/lswsgi_wrapper: line 6: /home/rudhamla/virtualenv/nr/3.6/bin/set_env_vars.py: No such file or directory
/usr/local/lsws/fcgi-bin/lswsgi_wrapper: line 6: /home/rudhamla/virtualenv/nr/3.6/bin/set_env_vars.py: No such file or directory
/usr/local/lsws/fcgi-bin/lswsgi_wrapper: line 6: /home/rudhamla/virtualenv/nr/3.6/bin/set_env_vars.py: No such file or directory
/usr/local/lsws/fcgi-bin/lswsgi_wrapper: line 6: /home/rudhamla/virtualenv/nr/3.6/bin/set_env_vars.py: No such file or directory
/usr/local/lsws/fcgi-bin/lswsgi_wrapper: line 6: /home/rudhamla/virtualenv/nr/3.6/bin/set_env_vars.py: No such file or directory
/usr/local/lsws/fcgi-bin/lswsgi_wrapper: line 6: /home/rudhamla/virtualenv/nr/3.6/bin/set_env_vars.py: No such file or directory
/usr/local/lsws/fcgi-bin/lswsgi_wrapper: line 6: /home/rudhamla/virtualenv/nr/3.6/bin/set_env_vars.py: No such file or directory
/usr/local/lsws/fcgi-bin/lswsgi_wrapper: line 6: /home/rudhamla/virtualenv/nr/3.6/bin/set_env_vars.py: No such file or directory
/usr/local/lsws/fcgi-bin/lswsgi_wrapper: line 6: /home/rudhamla/virtualenv/nr/3.6/bin/set_env_vars.py: No such file or directory
/usr/local/lsws/fcgi-bin/lswsgi_wrapper: line 6: /home/rudhamla/virtualenv/nr/3.6/bin/set_env_vars.py: No such file or directory
/usr/local/lsws/fcgi-bin/lswsgi_wrapper: line 6: /home/rudhamla/virtualenv/nr/3.6/bin/set_env_vars.py: No such file or directory
/usr/local/lsws/fcgi-bin/lswsgi_wrapper: line 6: /home/rudhamla/virtualenv/nr/3.6/bin/set_env_vars.py: No such file or directory
/usr/local/lsws/fcgi-bin/lswsgi_wrapper: line 6: /home/rudhamla/virtualenv/nr/3.6/bin/set_env_vars.py: No such file or directory
/usr/local/lsws/fcgi-bin/lswsgi_wrapper: line 6: /home/rudhamla/virtualenv/nr/3.6/bin/set_env_vars.py: No such file or directory
/usr/local/lsws/fcgi-bin/lswsgi_wrapper: line 6: /home/rudhamla/virtualenv/nr/3.6/bin/set_env_vars.py: No such file or directory
/usr/local/lsws/fcgi-bin/lswsgi_wrapper: line 6: /home/rudhamla/virtualenv/nr/3.6/bin/set_env_vars.py: No such file or directory
/usr/local/lsws/fcgi-bin/lswsgi_wrapper: line 6: /home/rudhamla/virtualenv/nr/3.6/bin/set_env_vars.py: No such file or directory
/usr/local/lsws/fcgi-bin/lswsgi_wrapper: line 6: /home/rudhamla/virtualenv/nr/3.6/bin/set_env_vars.py: No such file or directory
/usr/local/lsws/fcgi-bin/lswsgi_wrapper: line 6: /home/rudhamla/virtualenv/nr/3.6/bin/set_env_vars.py: No such file or directory
/usr/local/lsws/fcgi-bin/lswsgi_wrapper: line 6: /home/rudhamla/virtualenv/nr/3.6/bin/set_env_vars.py: No such file or directory
/usr/local/lsws/fcgi-bin/lswsgi_wrapper: line 6: /home/rudhamla/virtualenv/nr/3.6/bin/set_env_vars.py: No such file or directory
/usr/local/lsws/fcgi-bin/lswsgi_wrapper: line 6: /home/rudhamla/virtualenv/nr/3.6/bin/set_env_vars.py: No such file or directory
/usr/local/lsws/fcgi-bin/lswsgi_wrapper: line 6: /home/rudhamla/virtualenv/nr/3.6/bin/set_env_vars.py: No such file or directory
/usr/local/lsws/fcgi-bin/lswsgi_wrapper: line 6: /home/rudhamla/virtualenv/nr/3.6/bin/set_env_vars.py: No such file or directory
/usr/local/lsws/fcgi-bin/lswsgi_wrapper: line 6: /home/rudhamla/virtualenv/nr/3.6/bin/set_env_vars.py: No such file or directory
/usr/local/lsws/fcgi-bin/lswsgi_wrapper: line 6: /home/rudhamla/virtualenv/nr/3.6/bin/set_env_vars.py: No such file or directory
/usr/local/lsws/fcgi-bin/lswsgi_wrapper: line 6: /home/rudhamla/virtualenv/nr/3.6/bin/set_env_vars.py: No such file or directory
/usr/local/lsws/fcgi-bin/lswsgi_wrapper: line 6: /home/rudhamla/virtualenv/nr/3.6/bin/set_env_vars.py: No such file or directory
/usr/local/lsws/fcgi-bin/lswsgi_wrapper: line 6: /home/rudhamla/virtualenv/nr/3.6/bin/set_env_vars.py: No such file or directory
/usr/local/lsws/fcgi-bin/lswsgi_wrapper: line 6: /home/rudhamla/virtualenv/nr/3.6/bin/set_env_vars.py: No such file or directory
/usr/local/lsws/fcgi-bin/lswsgi_wrapper: line 6: /home/rudhamla/virtualenv/nr/3.6/bin/set_env_vars.py: No such file or directory
/usr/local/lsws/fcgi-bin/lswsgi_wrapper: line 6: /home/rudhamla/virtualenv/nr/3.6/bin/set_env_vars.py: No such file or directory
/usr/local/lsws/fcgi-bin/lswsgi_wrapper: line 6: /home/rudhamla/virtualenv/nr/3.6/bin/set_env_vars.py: No such file or directory
/usr/local/lsws/fcgi-bin/lswsgi_wrapper: line 6: /home/rudhamla/virtualenv/nr/3.6/bin/set_env_vars.py: No such file or directory
/usr/local/lsws/fcgi-bin/lswsgi_wrapper: line 6: /home/rudhamla/virtualenv/nr/3.6/bin/set_env_vars.py: No such file or directory
/usr/local/lsws/fcgi-bin/lswsgi_wrapper: line 6: /home/rudhamla/virtualenv/nr/3.6/bin/set_env_vars.py: No such file or directory
/usr/local/lsws/fcgi-bin/lswsgi_wrapper: line 6: /home/rudhamla/virtualenv/nr/3.6/bin/set_env_vars.py: No such file or directory
/usr/local/lsws/fcgi-bin/lswsgi_wrapper: line 6: /home/rudhamla/virtualenv/nr/3.6/bin/set_env_vars.py: No such file or directory
/usr/local/lsws/fcgi-bin/lswsgi_wrapper: line 6: /home/rudhamla/virtualenv/nr/3.6/bin/set_env_vars.py: No such file or directory
/usr/local/lsws/fcgi-bin/lswsgi_wrapper: line 6: /home/rudhamla/virtualenv/nr/3.6/bin/set_env_vars.py: No such file or directory
/usr/local/lsws/fcgi-bin/lswsgi_wrapper: line 6: /home/rudhamla/virtualenv/nr/3.6/bin/set_env_vars.py: No such file or directory
/usr/local/lsws/fcgi-bin/lswsgi_wrapper: line 6: /home/rudhamla/virtualenv/nr/3.6/bin/set_env_vars.py: No such file or directory
/usr/local/lsws/fcgi-bin/lswsgi_wrapper: line 6: /home/rudhamla/virtualenv/nr/3.6/bin/set_env_vars.py: No such file or directory
/usr/local/lsws/fcgi-bin/lswsgi_wrapper: line 6: /home/rudhamla/virtualenv/nr/3.6/bin/set_env_vars.py: No such file or directory
/usr/local/lsws/fcgi-bin/lswsgi_wrapper: line 6: /home/rudhamla/virtualenv/nr/3.6/bin/set_env_vars.py: No such file or directory
/usr/local/lsws/fcgi-bin/lswsgi_wrapper: line 6: /home/rudhamla/virtualenv/nr/3.6/bin/set_env_vars.py: No such file or directory
/usr/local/lsws/fcgi-bin/lswsgi_wrapper: line 6: /home/rudhamla/virtualenv/nr/3.6/bin/set_env_vars.py: No such file or directory
/usr/local/lsws/fcgi-bin/lswsgi_wrapper: line 6: /home/rudhamla/virtualenv/nr/3.6/bin/set_env_vars.py: No such file or directory
/usr/local/lsws/fcgi-bin/lswsgi_wrapper: line 6: /home/rudhamla/virtualenv/nr/3.6/bin/set_env_vars.py: No such file or directory
/usr/local/lsws/fcgi-bin/lswsgi_wrapper: line 6: /home/rudhamla/virtualenv/nr/3.6/bin/set_env_vars.py: No such file or directory
/usr/local/lsws/fcgi-bin/lswsgi_wrapper: line 6: /home/rudhamla/virtualenv/nr/3.6/bin/set_env_vars.py: No such file or directory
/usr/local/lsws/fcgi-bin/lswsgi_wrapper: line 6: /home/rudhamla/virtualenv/nr/3.6/bin/set_env_vars.py: No such file or directory
/usr/local/lsws/fcgi-bin/lswsgi_wrapper: line 6: /home/rudhamla/virtualenv/nr/3.6/bin/set_env_vars.py: No such file or directory
/usr/local/lsws/fcgi-bin/lswsgi_wrapper: line 6: /home/rudhamla/virtualenv/nr/3.6/bin/set_env_vars.py: No such file or directory
/usr/local/lsws/fcgi-bin/lswsgi_wrapper: line 6: /home/rudhamla/virtualenv/nr/3.6/bin/set_env_vars.py: No such file or directory
/usr/local/lsws/fcgi-bin/lswsgi_wrapper: line 6: /home/rudhamla/virtualenv/nr/3.6/bin/set_env_vars.py: No such file or directory
/usr/local/lsws/fcgi-bin/lswsgi_wrapper: line 6: /home/rudhamla/virtualenv/nr/3.6/bin/set_env_vars.py: No such file or directory
/usr/local/lsws/fcgi-bin/lswsgi_wrapper: line 6: /home/rudhamla/virtualenv/nr/3.6/bin/set_env_vars.py: No such file or directory
/usr/local/lsws/fcgi-bin/lswsgi_wrapper: line 6: /home/rudhamla/virtualenv/nr/3.6/bin/set_env_vars.py: No such file or directory
/usr/local/lsws/fcgi-bin/lswsgi_wrapper: line 6: /home/rudhamla/virtualenv/nr/3.6/bin/set_env_vars.py: No such file or directory
/usr/local/lsws/fcgi-bin/lswsgi_wrapper: line 6: /home/rudhamla/virtualenv/nr/3.6/bin/set_env_vars.py: No such file or directory
/usr/local/lsws/fcgi-bin/lswsgi_wrapper: line 6: /home/rudhamla/virtualenv/nr/3.6/bin/set_env_vars.py: No such file or directory
/usr/local/lsws/fcgi-bin/lswsgi_wrapper: line 6: /home/rudhamla/virtualenv/nr/3.6/bin/set_env_vars.py: No such file or directory
/usr/local/lsws/fcgi-bin/lswsgi_wrapper: line 6: /home/rudhamla/virtualenv/nr/3.6/bin/set_env_vars.py: No such file or directory
/usr/local/lsws/fcgi-bin/lswsgi_wrapper: line 6: /home/rudhamla/virtualenv/nr/3.6/bin/set_env_vars.py: No such file or directory
/usr/local/lsws/fcgi-bin/lswsgi_wrapper: line 6: /home/rudhamla/virtualenv/nr/3.6/bin/set_env_vars.py: No such file or directory
/usr/local/lsws/fcgi-bin/lswsgi_wrapper: line 6: /home/rudhamla/virtualenv/nr/3.6/bin/set_env_vars.py: No such file or directory
/usr/local/lsws/fcgi-bin/lswsgi_wrapper: line 6: /home/rudhamla/virtualenv/nr/3.6/bin/set_env_vars.py: No such file or directory
/usr/local/lsws/fcgi-bin/lswsgi_wrapper: line 6: /home/rudhamla/virtualenv/nr/3.6/bin/set_env_vars.py: No such file or directory
/usr/local/lsws/fcgi-bin/lswsgi_wrapper: line 6: /home/rudhamla/virtualenv/nr/3.6/bin/set_env_vars.py: No such file or directory
/usr/local/lsws/fcgi-bin/lswsgi_wrapper: line 6: /home/rudhamla/virtualenv/nr/3.6/bin/set_env_vars.py: No such file or directory
/usr/local/lsws/fcgi-bin/lswsgi_wrapper: line 6: /home/rudhamla/virtualenv/nr/3.6/bin/set_env_vars.py: No such file or directory
/usr/local/lsws/fcgi-bin/lswsgi_wrapper: line 6: /home/rudhamla/virtualenv/nr/3.6/bin/set_env_vars.py: No such file or directory
/usr/local/lsws/fcgi-bin/lswsgi_wrapper: line 6: /home/rudhamla/virtualenv/nr/3.6/bin/set_env_vars.py: No such file or directory
/usr/local/lsws/fcgi-bin/lswsgi_wrapper: line 6: /home/rudhamla/virtualenv/nr/3.6/bin/set_env_vars.py: No such file or directory
/usr/local/lsws/fcgi-bin/lswsgi_wrapper: line 6: /home/rudhamla/virtualenv/nr/3.6/bin/set_env_vars.py: No such file or directory
/usr/local/lsws/fcgi-bin/lswsgi_wrapper: line 6: /home/rudhamla/virtualenv/nr/3.6/bin/set_env_vars.py: No such file or directory
/usr/local/lsws/fcgi-bin/lswsgi_wrapper: line 6: /home/rudhamla/virtualenv/nr/3.6/bin/set_env_vars.py: No such file or directory
/usr/local/lsws/fcgi-bin/lswsgi_wrapper: line 6: /home/rudhamla/virtualenv/nr/3.6/bin/set_env_vars.py: No such file or directory
/usr/local/lsws/fcgi-bin/lswsgi_wrapper: line 6: /home/rudhamla/virtualenv/nr/3.6/bin/set_env_vars.py: No such file or directory
/usr/local/lsws/fcgi-bin/lswsgi_wrapper: line 6: /home/rudhamla/virtualenv/nr/3.6/bin/set_env_vars.py: No such file or directory
/usr/local/lsws/fcgi-bin/lswsgi_wrapper: line 6: /home/rudhamla/virtualenv/nr/3.6/bin/set_env_vars.py: No such file or directory
/usr/local/lsws/fcgi-bin/lswsgi_wrapper: line 6: /home/rudhamla/virtualenv/nr/3.6/bin/set_env_vars.py: No such file or directory
/usr/local/lsws/fcgi-bin/lswsgi_wrapper: line 6: /home/rudhamla/virtualenv/nr/3.6/bin/set_env_vars.py: No such file or directory
/usr/local/lsws/fcgi-bin/lswsgi_wrapper: line 6: /home/rudhamla/virtualenv/nr/3.6/bin/set_env_vars.py: No such file or directory
/usr/local/lsws/fcgi-bin/lswsgi_wrapper: line 6: /home/rudhamla/virtualenv/nr/3.6/bin/set_env_vars.py: No such file or directory
/usr/local/lsws/fcgi-bin/lswsgi_wrapper: line 6: /home/rudhamla/virtualenv/nr/3.6/bin/set_env_vars.py: No such file or directory
/usr/local/lsws/fcgi-bin/lswsgi_wrapper: line 6: /home/rudhamla/virtualenv/nr/3.6/bin/set_env_vars.py: No such file or directory
/usr/local/lsws/fcgi-bin/lswsgi_wrapper: line 6: /home/rudhamla/virtualenv/nr/3.6/bin/set_env_vars.py: No such file or directory
/usr/local/lsws/fcgi-bin/lswsgi_wrapper: line 6: /home/rudhamla/virtualenv/nr/3.6/bin/set_env_vars.py: No such file or directory
/usr/local/lsws/fcgi-bin/lswsgi_wrapper: line 6: /home/rudhamla/virtualenv/nr/3.6/bin/set_env_vars.py: No such file or directory
/usr/local/lsws/fcgi-bin/lswsgi_wrapper: line 6: /home/rudhamla/virtualenv/nr/3.6/bin/set_env_vars.py: No such file or directory
/usr/local/lsws/fcgi-bin/lswsgi_wrapper: line 6: /home/rudhamla/virtualenv/nr/3.6/bin/set_env_vars.py: No such file or directory
/usr/local/lsws/fcgi-bin/lswsgi_wrapper: line 6: /home/rudhamla/virtualenv/nr/3.6/bin/set_env_vars.py: No such file or directory
/usr/local/lsws/fcgi-bin/lswsgi_wrapper: line 6: /home/rudhamla/virtualenv/nr/3.6/bin/set_env_vars.py: No such file or directory
/usr/local/lsws/fcgi-bin/lswsgi_wrapper: line 6: /home/rudhamla/virtualenv/nr/3.6/bin/set_env_vars.py: No such file or directory
/usr/local/lsws/fcgi-bin/lswsgi_wrapper: line 6: /home/rudhamla/virtualenv/nr/3.6/bin/set_env_vars.py: No such file or directory
/usr/local/lsws/fcgi-bin/lswsgi_wrapper: line 6: /home/rudhamla/virtualenv/nr/3.6/bin/set_env_vars.py: No such file or directory
/usr/local/lsws/fcgi-bin/lswsgi_wrapper: line 6: /home/rudhamla/virtualenv/nr/3.6/bin/set_env_vars.py: No such file or directory
/usr/local/lsws/fcgi-bin/lswsgi_wrapper: line 6: /home/rudhamla/virtualenv/nr/3.6/bin/set_env_vars.py: No such file or directory
/usr/local/lsws/fcgi-bin/lswsgi_wrapper: line 6: /home/rudhamla/virtualenv/nr/3.6/bin/set_env_vars.py: No such file or directory
/usr/local/lsws/fcgi-bin/lswsgi_wrapper: line 6: /home/rudhamla/virtualenv/nr/3.6/bin/set_env_vars.py: No such file or directory
/usr/local/lsws/fcgi-bin/lswsgi_wrapper: line 6: /home/rudhamla/virtualenv/nr/3.6/bin/set_env_vars.py: No such file or directory
/usr/local/lsws/fcgi-bin/lswsgi_wrapper: line 6: /home/rudhamla/virtualenv/nr/3.6/bin/set_env_vars.py: No such file or directory
/usr/local/lsws/fcgi-bin/lswsgi_wrapper: line 6: /home/rudhamla/virtualenv/nr/3.6/bin/set_env_vars.py: No such file or directory
/usr/local/lsws/fcgi-bin/lswsgi_wrapper: line 6: /home/rudhamla/virtualenv/nr/3.6/bin/set_env_vars.py: No such file or directory
/usr/local/lsws/fcgi-bin/lswsgi_wrapper: line 6: /home/rudhamla/virtualenv/nr/3.6/bin/set_env_vars.py: No such file or directory
/usr/local/lsws/fcgi-bin/lswsgi_wrapper: line 6: /home/rudhamla/virtualenv/nr/3.6/bin/set_env_vars.py: No such file or directory
/usr/local/lsws/fcgi-bin/lswsgi_wrapper: line 6: /home/rudhamla/virtualenv/nr/3.6/bin/set_env_vars.py: No such file or directory
/usr/local/lsws/fcgi-bin/lswsgi_wrapper: line 6: /home/rudhamla/virtualenv/nr/3.6/bin/set_env_vars.py: No such file or directory
/usr/local/lsws/fcgi-bin/lswsgi_wrapper: line 6: /home/rudhamla/virtualenv/nr/3.6/bin/set_env_vars.py: No such file or directory
/usr/local/lsws/fcgi-bin/lswsgi_wrapper: line 6: /home/rudhamla/virtualenv/nr/3.6/bin/set_env_vars.py: No such file or directory
/usr/local/lsws/fcgi-bin/lswsgi_wrapper: line 6: /home/rudhamla/virtualenv/nr/3.6/bin/set_env_vars.py: No such file or directory
/usr/local/lsws/fcgi-bin/lswsgi_wrapper: line 6: /home/rudhamla/virtualenv/nr/3.6/bin/set_env_vars.py: No such file or directory
/usr/local/lsws/fcgi-bin/lswsgi_wrapper: line 6: /home/rudhamla/virtualenv/nr/3.6/bin/set_env_vars.py: No such file or directory
/usr/local/lsws/fcgi-bin/lswsgi_wrapper: line 6: /home/rudhamla/virtualenv/nr/3.6/bin/set_env_vars.py: No such file or directory
/usr/local/lsws/fcgi-bin/lswsgi_wrapper: line 6: /home/rudhamla/virtualenv/nr/3.6/bin/set_env_vars.py: No such file or directory
/usr/local/lsws/fcgi-bin/lswsgi_wrapper: line 6: /home/rudhamla/virtualenv/nr/3.6/bin/set_env_vars.py: No such file or directory
/usr/local/lsws/fcgi-bin/lswsgi_wrapper: line 6: /home/rudhamla/virtualenv/nr/3.6/bin/set_env_vars.py: No such file or directory
/usr/local/lsws/fcgi-bin/lswsgi_wrapper: line 6: /home/rudhamla/virtualenv/nr/3.6/bin/set_env_vars.py: No such file or directory
/usr/local/lsws/fcgi-bin/lswsgi_wrapper: line 6: /home/rudhamla/virtualenv/nr/3.6/bin/set_env_vars.py: No such file or directory
/usr/local/lsws/fcgi-bin/lswsgi_wrapper: line 6: /home/rudhamla/virtualenv/nr/3.6/bin/set_env_vars.py: No such file or directory
/usr/local/lsws/fcgi-bin/lswsgi_wrapper: line 6: /home/rudhamla/virtualenv/nr/3.6/bin/set_env_vars.py: No such file or directory
/usr/local/lsws/fcgi-bin/lswsgi_wrapper: line 6: /home/rudhamla/virtualenv/nr/3.6/bin/set_env_vars.py: No such file or directory
/usr/local/lsws/fcgi-bin/lswsgi_wrapper: line 6: /home/rudhamla/virtualenv/nr/3.6/bin/set_env_vars.py: No such file or directory
/usr/local/lsws/fcgi-bin/lswsgi_wrapper: line 6: /home/rudhamla/virtualenv/nr/3.6/bin/set_env_vars.py: No such file or directory
/usr/local/lsws/fcgi-bin/lswsgi_wrapper: line 6: /home/rudhamla/virtualenv/nr/3.6/bin/set_env_vars.py: No such file or directory
/usr/local/lsws/fcgi-bin/lswsgi_wrapper: line 6: /home/rudhamla/virtualenv/nr/3.6/bin/set_env_vars.py: No such file or directory
/usr/local/lsws/fcgi-bin/lswsgi_wrapper: line 6: /home/rudhamla/virtualenv/nr/3.6/bin/set_env_vars.py: No such file or directory
/usr/local/lsws/fcgi-bin/lswsgi_wrapper: line 6: /home/rudhamla/virtualenv/nr/3.6/bin/set_env_vars.py: No such file or directory
/usr/local/lsws/fcgi-bin/lswsgi_wrapper: line 6: /home/rudhamla/virtualenv/nr/3.6/bin/set_env_vars.py: No such file or directory
/usr/local/lsws/fcgi-bin/lswsgi_wrapper: line 6: /home/rudhamla/virtualenv/nr/3.6/bin/set_env_vars.py: No such file or directory
/usr/local/lsws/fcgi-bin/lswsgi_wrapper: line 6: /home/rudhamla/virtualenv/nr/3.6/bin/set_env_vars.py: No such file or directory
/usr/local/lsws/fcgi-bin/lswsgi_wrapper: line 6: /home/rudhamla/virtualenv/nr/3.6/bin/set_env_vars.py: No such file or directory
/usr/local/lsws/fcgi-bin/lswsgi_wrapper: line 6: /home/rudhamla/virtualenv/nr/3.6/bin/set_env_vars.py: No such file or directory
/usr/local/lsws/fcgi-bin/lswsgi_wrapper: line 6: /home/rudhamla/virtualenv/nr/3.6/bin/set_env_vars.py: No such file or directory
/usr/local/lsws/fcgi-bin/lswsgi_wrapper: line 6: /home/rudhamla/virtualenv/nr/3.6/bin/set_env_vars.py: No such file or directory
/usr/local/lsws/fcgi-bin/lswsgi_wrapper: line 6: /home/rudhamla/virtualenv/nr/3.6/bin/set_env_vars.py: No such file or directory
/usr/local/lsws/fcgi-bin/lswsgi_wrapper: line 6: /home/rudhamla/virtualenv/nr/3.6/bin/set_env_vars.py: No such file or directory
/usr/local/lsws/fcgi-bin/lswsgi_wrapper: line 6: /home/rudhamla/virtualenv/nr/3.6/bin/set_env_vars.py: No such file or directory
/usr/local/lsws/fcgi-bin/lswsgi_wrapper: line 6: /home/rudhamla/virtualenv/nr/3.6/bin/set_env_vars.py: No such file or directory
/usr/local/lsws/fcgi-bin/lswsgi_wrapper: line 6: /home/rudhamla/virtualenv/nr/3.6/bin/set_env_vars.py: No such file or directory
/usr/local/lsws/fcgi-bin/lswsgi_wrapper: line 6: /home/rudhamla/virtualenv/nr/3.6/bin/set_env_vars.py: No such file or directory
/usr/local/lsws/fcgi-bin/lswsgi_wrapper: line 6: /home/rudhamla/virtualenv/nr/3.6/bin/set_env_vars.py: No such file or directory
/usr/local/lsws/fcgi-bin/lswsgi_wrapper: line 6: /home/rudhamla/virtualenv/nr/3.6/bin/set_env_vars.py: No such file or directory
/usr/local/lsws/fcgi-bin/lswsgi_wrapper: line 6: /home/rudhamla/virtualenv/nr/3.6/bin/set_env_vars.py: No such file or directory
/usr/local/lsws/fcgi-bin/lswsgi_wrapper: line 6: /home/rudhamla/virtualenv/nr/3.6/bin/set_env_vars.py: No such file or directory
/usr/local/lsws/fcgi-bin/lswsgi_wrapper: line 6: /home/rudhamla/virtualenv/nr/3.6/bin/set_env_vars.py: No such file or directory
/usr/local/lsws/fcgi-bin/lswsgi_wrapper: line 6: /home/rudhamla/virtualenv/nr/3.6/bin/set_env_vars.py: No such file or directory
/usr/local/lsws/fcgi-bin/lswsgi_wrapper: line 6: /home/rudhamla/virtualenv/nr/3.6/bin/set_env_vars.py: No such file or directory
/usr/local/lsws/fcgi-bin/lswsgi_wrapper: line 6: /home/rudhamla/virtualenv/nr/3.6/bin/set_env_vars.py: No such file or directory
/usr/local/lsws/fcgi-bin/lswsgi_wrapper: line 6: /home/rudhamla/virtualenv/nr/3.6/bin/set_env_vars.py: No such file or directory
/usr/local/lsws/fcgi-bin/lswsgi_wrapper: line 6: /home/rudhamla/virtualenv/nr/3.6/bin/set_env_vars.py: No such file or directory
/usr/local/lsws/fcgi-bin/lswsgi_wrapper: line 6: /home/rudhamla/virtualenv/nr/3.6/bin/set_env_vars.py: No such file or directory
/usr/local/lsws/fcgi-bin/lswsgi_wrapper: line 6: /home/rudhamla/virtualenv/nr/3.6/bin/set_env_vars.py: No such file or directory
/usr/local/lsws/fcgi-bin/lswsgi_wrapper: line 6: /home/rudhamla/virtualenv/nr/3.6/bin/set_env_vars.py: No such file or directory
/usr/local/lsws/fcgi-bin/lswsgi_wrapper: line 6: /home/rudhamla/virtualenv/nr/3.6/bin/set_env_vars.py: No such file or directory
/usr/local/lsws/fcgi-bin/lswsgi_wrapper: line 6: /home/rudhamla/virtualenv/nr/3.6/bin/set_env_vars.py: No such file or directory
/usr/local/lsws/fcgi-bin/lswsgi_wrapper: line 6: /home/rudhamla/virtualenv/nr/3.6/bin/set_env_vars.py: No such file or directory
/usr/local/lsws/fcgi-bin/lswsgi_wrapper: line 6: /home/rudhamla/virtualenv/nr/3.6/bin/set_env_vars.py: No such file or directory
/usr/local/lsws/fcgi-bin/lswsgi_wrapper: line 6: /home/rudhamla/virtualenv/nr/3.6/bin/set_env_vars.py: No such file or directory
/usr/local/lsws/fcgi-bin/lswsgi_wrapper: line 6: /home/rudhamla/virtualenv/nr/3.6/bin/set_env_vars.py: No such file or directory
/usr/local/lsws/fcgi-bin/lswsgi_wrapper: line 6: /home/rudhamla/virtualenv/nr/3.6/bin/set_env_vars.py: No such file or directory
/usr/local/lsws/fcgi-bin/lswsgi_wrapper: line 6: /home/rudhamla/virtualenv/nr/3.6/bin/set_env_vars.py: No such file or directory
/usr/local/lsws/fcgi-bin/lswsgi_wrapper: line 6: /home/rudhamla/virtualenv/nr/3.6/bin/set_env_vars.py: No such file or directory
/usr/local/lsws/fcgi-bin/lswsgi_wrapper: line 6: /home/rudhamla/virtualenv/nr/3.6/bin/set_env_vars.py: No such file or directory
/usr/local/lsws/fcgi-bin/lswsgi_wrapper: line 6: /home/rudhamla/virtualenv/nr/3.6/bin/set_env_vars.py: No such file or directory
/usr/local/lsws/fcgi-bin/lswsgi_wrapper: line 6: /home/rudhamla/virtualenv/nr/3.6/bin/set_env_vars.py: No such file or directory
/usr/local/lsws/fcgi-bin/lswsgi_wrapper: line 6: /home/rudhamla/virtualenv/nr/3.6/bin/set_env_vars.py: No such file or directory
/usr/local/lsws/fcgi-bin/lswsgi_wrapper: line 6: /home/rudhamla/virtualenv/nr/3.6/bin/set_env_vars.py: No such file or directory
/usr/local/lsws/fcgi-bin/lswsgi_wrapper: line 6: /home/rudhamla/virtualenv/nr/3.6/bin/set_env_vars.py: No such file or directory
/usr/local/lsws/fcgi-bin/lswsgi_wrapper: line 6: /home/rudhamla/virtualenv/nr/3.6/bin/set_env_vars.py: No such file or directory
/usr/local/lsws/fcgi-bin/lswsgi_wrapper: line 6: /home/rudhamla/virtualenv/nr/3.6/bin/set_env_vars.py: No such file or directory
/usr/local/lsws/fcgi-bin/lswsgi_wrapper: line 6: /home/rudhamla/virtualenv/nr/3.6/bin/set_env_vars.py: No such file or directory
/usr/local/lsws/fcgi-bin/lswsgi_wrapper: line 6: /home/rudhamla/virtualenv/nr/3.6/bin/set_env_vars.py: No such file or directory
/usr/local/lsws/fcgi-bin/lswsgi_wrapper: line 6: /home/rudhamla/virtualenv/nr/3.6/bin/set_env_vars.py: No such file or directory
/usr/local/lsws/fcgi-bin/lswsgi_wrapper: line 6: /home/rudhamla/virtualenv/nr/3.6/bin/set_env_vars.py: No such file or directory
/usr/local/lsws/fcgi-bin/lswsgi_wrapper: line 6: /home/rudhamla/virtualenv/nr/3.6/bin/set_env_vars.py: No such file or directory
/usr/local/lsws/fcgi-bin/lswsgi_wrapper: line 6: /home/rudhamla/virtualenv/nr/3.6/bin/set_env_vars.py: No such file or directory
/usr/local/lsws/fcgi-bin/lswsgi_wrapper: line 6: /home/rudhamla/virtualenv/nr/3.6/bin/set_env_vars.py: No such file or directory
/usr/local/lsws/fcgi-bin/lswsgi_wrapper: line 6: /home/rudhamla/virtualenv/nr/3.6/bin/set_env_vars.py: No such file or directory
/usr/local/lsws/fcgi-bin/lswsgi_wrapper: line 6: /home/rudhamla/virtualenv/nr/3.6/bin/set_env_vars.py: No such file or directory
/usr/local/lsws/fcgi-bin/lswsgi_wrapper: line 6: /home/rudhamla/virtualenv/nr/3.6/bin/set_env_vars.py: No such file or directory
/usr/local/lsws/fcgi-bin/lswsgi_wrapper: line 6: /home/rudhamla/virtualenv/nr/3.6/bin/set_env_vars.py: No such file or directory
/usr/local/lsws/fcgi-bin/lswsgi_wrapper: line 6: /home/rudhamla/virtualenv/nr/3.6/bin/set_env_vars.py: No such file or directory
/usr/local/lsws/fcgi-bin/lswsgi_wrapper: line 6: /home/rudhamla/virtualenv/nr/3.6/bin/set_env_vars.py: No such file or directory
/usr/local/lsws/fcgi-bin/lswsgi_wrapper: line 6: /home/rudhamla/virtualenv/nr/3.6/bin/set_env_vars.py: No such file or directory
/usr/local/lsws/fcgi-bin/lswsgi_wrapper: line 6: /home/rudhamla/virtualenv/nr/3.6/bin/set_env_vars.py: No such file or directory
/usr/local/lsws/fcgi-bin/lswsgi_wrapper: line 6: /home/rudhamla/virtualenv/nr/3.6/bin/set_env_vars.py: No such file or directory
/usr/local/lsws/fcgi-bin/lswsgi_wrapper: line 6: /home/rudhamla/virtualenv/nr/3.6/bin/set_env_vars.py: No such file or directory
/usr/local/lsws/fcgi-bin/lswsgi_wrapper: line 6: /home/rudhamla/virtualenv/nr/3.6/bin/set_env_vars.py: No such file or directory
/usr/local/lsws/fcgi-bin/lswsgi_wrapper: line 6: /home/rudhamla/virtualenv/nr/3.6/bin/set_env_vars.py: No such file or directory
/usr/local/lsws/fcgi-bin/lswsgi_wrapper: line 6: /home/rudhamla/virtualenv/nr/3.6/bin/set_env_vars.py: No such file or directory
/usr/local/lsws/fcgi-bin/lswsgi_wrapper: line 6: /home/rudhamla/virtualenv/nr/3.6/bin/set_env_vars.py: No such file or directory
/usr/local/lsws/fcgi-bin/lswsgi_wrapper: line 6: /home/rudhamla/virtualenv/nr/3.6/bin/set_env_vars.py: No such file or directory
/usr/local/lsws/fcgi-bin/lswsgi_wrapper: line 6: /home/rudhamla/virtualenv/nr/3.6/bin/set_env_vars.py: No such file or directory
/usr/local/lsws/fcgi-bin/lswsgi_wrapper: line 6: /home/rudhamla/virtualenv/nr/3.6/bin/set_env_vars.py: No such file or directory
/usr/local/lsws/fcgi-bin/lswsgi_wrapper: line 6: /home/rudhamla/virtualenv/nr/3.6/bin/set_env_vars.py: No such file or directory
/usr/local/lsws/fcgi-bin/lswsgi_wrapper: line 6: /home/rudhamla/virtualenv/nr/3.6/bin/set_env_vars.py: No such file or directory
/usr/local/lsws/fcgi-bin/lswsgi_wrapper: line 6: /home/rudhamla/virtualenv/nr/3.6/bin/set_env_vars.py: No such file or directory
/usr/local/lsws/fcgi-bin/lswsgi_wrapper: line 6: /home/rudhamla/virtualenv/nr/3.6/bin/set_env_vars.py: No such file or directory
/usr/local/lsws/fcgi-bin/lswsgi_wrapper: line 6: /home/rudhamla/virtualenv/nr/3.6/bin/set_env_vars.py: No such file or directory
/usr/local/lsws/fcgi-bin/lswsgi_wrapper: line 6: /home/rudhamla/virtualenv/nr/3.6/bin/set_env_vars.py: No such file or directory
/usr/local/lsws/fcgi-bin/lswsgi_wrapper: line 6: /home/rudhamla/virtualenv/nr/3.6/bin/set_env_vars.py: No such file or directory
/usr/local/lsws/fcgi-bin/lswsgi_wrapper: line 6: /home/rudhamla/virtualenv/nr/3.6/bin/set_env_vars.py: No such file or directory
/usr/local/lsws/fcgi-bin/lswsgi_wrapper: line 6: /home/rudhamla/virtualenv/nr/3.6/bin/set_env_vars.py: No such file or directory
/usr/local/lsws/fcgi-bin/lswsgi_wrapper: line 6: /home/rudhamla/virtualenv/nr/3.6/bin/set_env_vars.py: No such file or directory
/usr/local/lsws/fcgi-bin/lswsgi_wrapper: line 6: /home/rudhamla/virtualenv/nr/3.6/bin/set_env_vars.py: No such file or directory
/usr/local/lsws/fcgi-bin/lswsgi_wrapper: line 6: /home/rudhamla/virtualenv/nr/3.6/bin/set_env_vars.py: No such file or directory
/usr/local/lsws/fcgi-bin/lswsgi_wrapper: line 6: /home/rudhamla/virtualenv/nr/3.6/bin/set_env_vars.py: No such file or directory
/usr/local/lsws/fcgi-bin/lswsgi_wrapper: line 6: /home/rudhamla/virtualenv/nr/3.6/bin/set_env_vars.py: No such file or directory
/usr/local/lsws/fcgi-bin/lswsgi_wrapper: line 6: /home/rudhamla/virtualenv/nr/3.6/bin/set_env_vars.py: No such file or directory
/usr/local/lsws/fcgi-bin/lswsgi_wrapper: line 6: /home/rudhamla/virtualenv/nr/3.6/bin/set_env_vars.py: No such file or directory
/usr/local/lsws/fcgi-bin/lswsgi_wrapper: line 6: /home/rudhamla/virtualenv/nr/3.6/bin/set_env_vars.py: No such file or directory
/usr/local/lsws/fcgi-bin/lswsgi_wrapper: line 6: /home/rudhamla/virtualenv/nr/3.6/bin/set_env_vars.py: No such file or directory
/usr/local/lsws/fcgi-bin/lswsgi_wrapper: line 6: /home/rudhamla/virtualenv/nr/3.6/bin/set_env_vars.py: No such file or directory
/usr/local/lsws/fcgi-bin/lswsgi_wrapper: line 6: /home/rudhamla/virtualenv/nr/3.6/bin/set_env_vars.py: No such file or directory
/usr/local/lsws/fcgi-bin/lswsgi_wrapper: line 6: /home/rudhamla/virtualenv/nr/3.6/bin/set_env_vars.py: No such file or directory
/usr/local/lsws/fcgi-bin/lswsgi_wrapper: line 6: /home/rudhamla/virtualenv/nr/3.6/bin/set_env_vars.py: No such file or directory
/usr/local/lsws/fcgi-bin/lswsgi_wrapper: line 6: /home/rudhamla/virtualenv/nr/3.6/bin/set_env_vars.py: No such file or directory
/usr/local/lsws/fcgi-bin/lswsgi_wrapper: line 6: /home/rudhamla/virtualenv/nr/3.6/bin/set_env_vars.py: No such file or directory
/usr/local/lsws/fcgi-bin/lswsgi_wrapper: line 6: /home/rudhamla/virtualenv/nr/3.6/bin/set_env_vars.py: No such file or directory
/usr/local/lsws/fcgi-bin/lswsgi_wrapper: line 6: /home/rudhamla/virtualenv/nr/3.6/bin/set_env_vars.py: No such file or directory
/usr/local/lsws/fcgi-bin/lswsgi_wrapper: line 6: /home/rudhamla/virtualenv/nr/3.6/bin/set_env_vars.py: No such file or directory
/usr/local/lsws/fcgi-bin/lswsgi_wrapper: line 6: /home/rudhamla/virtualenv/nr/3.6/bin/set_env_vars.py: No such file or directory
/usr/local/lsws/fcgi-bin/lswsgi_wrapper: line 6: /home/rudhamla/virtualenv/nr/3.6/bin/set_env_vars.py: No such file or directory
/usr/local/lsws/fcgi-bin/lswsgi_wrapper: line 6: /home/rudhamla/virtualenv/nr/3.6/bin/set_env_vars.py: No such file or directory
/usr/local/lsws/fcgi-bin/lswsgi_wrapper: line 6: /home/rudhamla/virtualenv/nr/3.6/bin/set_env_vars.py: No such file or directory
/usr/local/lsws/fcgi-bin/lswsgi_wrapper: line 6: /home/rudhamla/virtualenv/nr/3.6/bin/set_env_vars.py: No such file or directory
